<?xml version="1.0" encoding="UTF-8"?>
<!-- Generated by org.testng.reporters.JUnitXMLReporter -->
<testsuite ignored="28" hostname="HCLLMDU0258" failures="6" tests="144" name="ChromeTest" time="2071.141" errors="0" timestamp="2025-05-01T10:41:21 IST">
  <testcase classname="Tests.TC_001_Checking_Fields_On_Login_Page_Are_Visible" name="checkingLoginPageFieldsAreDisplayed" time="0.134"/>
  <testcase classname="Tests.TC_002_Checking_Options_Are_Clickable_On_Login_page" name="checkingLoginPageFieldsAreClickable" time="0.099"/>
  <testcase classname="Tests.TC_003_Checking_fields_on_Register_page_are_displayed" name="checkingRegisterPageFieldsAreDisplayed" time="2.229"/>
  <testcase classname="Tests.TC_004_Checking_Options_are_clickable_on_register_page" name="checkingRegisterPageFieldsAreClickable" time="0.961"/>
  <testcase classname="Tests.TC_005_Register_with_valid_and_Invalid_scenarios" name="checkSignUp" time="27.307"/>
  <testcase classname="Tests.TC_005_Register_with_valid_and_Invalid_scenarios" name="checkSignUp" time="30.471"/>
  <testcase classname="Tests.TC_005_Register_with_valid_and_Invalid_scenarios" name="checkSignUp" time="27.353"/>
  <testcase classname="Tests.TC_005_Register_with_valid_and_Invalid_scenarios" name="checkSignUp" time="27.41"/>
  <testcase classname="Tests.TC_005_Register_with_valid_and_Invalid_scenarios" name="checkSignUp" time="27.154"/>
  <testcase classname="Tests.TC_005_Register_with_valid_and_Invalid_scenarios" name="checkSignUp" time="27.462"/>
  <testcase classname="Tests.TC_005_Register_with_valid_and_Invalid_scenarios" name="checkSignUp" time="27.027"/>
  <testcase classname="Tests.TC_005_Register_with_valid_and_Invalid_scenarios" name="checkSignUp" time="27.449"/>
  <testcase classname="Tests.TC_005_Register_with_valid_and_Invalid_scenarios" name="checkSignUp" time="27.37"/>
  <testcase classname="Tests.TC_005_Register_with_valid_and_Invalid_scenarios" name="checkSignUp" time="28.142"/>
  <testcase classname="Tests.TC_005_Register_with_valid_and_Invalid_scenarios" name="checkSignUp" time="32.897"/>
  <testcase classname="Tests.TC_005_Register_with_valid_and_Invalid_scenarios" name="checkSignUp" time="27.46"/>
  <testcase classname="Tests.TC_005_Register_with_valid_and_Invalid_scenarios" name="checkSignUp" time="27.457"/>
  <testcase classname="Tests.TC_005_Register_with_valid_and_Invalid_scenarios" name="checkSignUp" time="59.334">
    <failure type="org.openqa.selenium.NoSuchElementException" message="no such element: Unable to locate element: {&amp;quot;method&amp;quot;:&amp;quot;xpath&amp;quot;,&amp;quot;selector&amp;quot;:&amp;quot;//td[contains(text(),&amp;apos;email verification code&amp;apos;)]&amp;quot;}
  (Session info: chrome=135.0.7049.115)
For documentation on this error, please visit: https://www.selenium.dev/documentation/webdriver/troubleshooting/errors#no-such-element-exception
Build info: version: &amp;apos;4.29.0&amp;apos;, revision: &amp;apos;5fc1ec94cb&amp;apos;
System info: os.name: &amp;apos;Windows 10&amp;apos;, os.arch: &amp;apos;amd64&amp;apos;, os.version: &amp;apos;10.0&amp;apos;, java.version: &amp;apos;21.0.4&amp;apos;
Driver info: org.openqa.selenium.chrome.ChromeDriver
Command: [0c84f7658c9f710eea5fe8e5e2d39fee, findElement {using=xpath, value=//td[contains(text(),&amp;apos;email verification code&amp;apos;)]}]
Capabilities {acceptInsecureCerts: false, browserName: chrome, browserVersion: 135.0.7049.115, chrome: {chromedriverVersion: 135.0.7049.114 (63fd8a7d9d0..., userDataDir: C:\Users\cmurugan\AppData\L...}, fedcm:accounts: true, goog:chromeOptions: {debuggerAddress: localhost:60551}, networkConnectionEnabled: false, pageLoadStrategy: normal, platformName: windows, proxy: Proxy(), se:cdp: ws://localhost:60551/devtoo..., se:cdpVersion: 135.0.7049.115, setWindowRect: true, strictFileInteractability: false, timeouts: {implicit: 0, pageLoad: 300000, script: 30000}, unhandledPromptBehavior: dismiss and notify, webauthn:extension:credBlob: true, webauthn:extension:largeBlob: true, webauthn:extension:minPinLength: true, webauthn:extension:prf: true, webauthn:virtualAuthenticators: true}
Session ID: 0c84f7658c9f710eea5fe8e5e2d39fee">
      <![CDATA[org.openqa.selenium.NoSuchElementException: no such element: Unable to locate element: {"method":"xpath","selector":"//td[contains(text(),'email verification code')]"}
  (Session info: chrome=135.0.7049.115)
For documentation on this error, please visit: https://www.selenium.dev/documentation/webdriver/troubleshooting/errors#no-such-element-exception
Build info: version: '4.29.0', revision: '5fc1ec94cb'
System info: os.name: 'Windows 10', os.arch: 'amd64', os.version: '10.0', java.version: '21.0.4'
Driver info: org.openqa.selenium.chrome.ChromeDriver
Command: [0c84f7658c9f710eea5fe8e5e2d39fee, findElement {using=xpath, value=//td[contains(text(),'email verification code')]}]
Capabilities {acceptInsecureCerts: false, browserName: chrome, browserVersion: 135.0.7049.115, chrome: {chromedriverVersion: 135.0.7049.114 (63fd8a7d9d0..., userDataDir: C:\Users\cmurugan\AppData\L...}, fedcm:accounts: true, goog:chromeOptions: {debuggerAddress: localhost:60551}, networkConnectionEnabled: false, pageLoadStrategy: normal, platformName: windows, proxy: Proxy(), se:cdp: ws://localhost:60551/devtoo..., se:cdpVersion: 135.0.7049.115, setWindowRect: true, strictFileInteractability: false, timeouts: {implicit: 0, pageLoad: 300000, script: 30000}, unhandledPromptBehavior: dismiss and notify, webauthn:extension:credBlob: true, webauthn:extension:largeBlob: true, webauthn:extension:minPinLength: true, webauthn:extension:prf: true, webauthn:virtualAuthenticators: true}
Session ID: 0c84f7658c9f710eea5fe8e5e2d39fee
at org.openqa.selenium.remote.ErrorCodec.decode(ErrorCodec.java:167)
at org.openqa.selenium.remote.codec.w3c.W3CHttpResponseCodec.decode(W3CHttpResponseCodec.java:138)
at org.openqa.selenium.remote.codec.w3c.W3CHttpResponseCodec.decode(W3CHttpResponseCodec.java:50)
at org.openqa.selenium.remote.HttpCommandExecutor.execute(HttpCommandExecutor.java:215)
at org.openqa.selenium.remote.service.DriverCommandExecutor.invokeExecute(DriverCommandExecutor.java:216)
at org.openqa.selenium.remote.service.DriverCommandExecutor.execute(DriverCommandExecutor.java:174)
at org.openqa.selenium.remote.RemoteWebDriver.execute(RemoteWebDriver.java:545)
at org.openqa.selenium.remote.ElementLocation$ElementFinder$2.findElement(ElementLocation.java:165)
at org.openqa.selenium.remote.ElementLocation.findElement(ElementLocation.java:59)
at org.openqa.selenium.remote.RemoteWebDriver.findElement(RemoteWebDriver.java:368)
at org.openqa.selenium.remote.RemoteWebDriver.findElement(RemoteWebDriver.java:362)
at org.openqa.selenium.support.pagefactory.DefaultElementLocator.findElement(DefaultElementLocator.java:68)
at org.openqa.selenium.support.pagefactory.internal.LocatingElementHandler.invoke(LocatingElementHandler.java:38)
at jdk.proxy2/jdk.proxy2.$Proxy20.getText(Unknown Source)
at Pages.SignUpPage.checkValidation(SignUpPage.java:182)
at Tests.TC_005_Register_with_valid_and_Invalid_scenarios.checkSignUp(TC_005_Register_with_valid_and_Invalid_scenarios.java:23)
at java.base/java.util.ArrayList.forEach(ArrayList.java:1596)
... Removed 28 stack frames]]>
    </failure>
  </testcase> <!-- checkSignUp -->
  <testcase classname="Tests.TC_005_Register_with_valid_and_Invalid_scenarios" name="checkCaptachaEmptyError" time="7.143"/>
  <testcase classname="Tests.TC_005_Register_with_valid_and_Invalid_scenarios" name="checkCheckBoxNotCheckError" time="27.144"/>
  <testcase classname="Tests.TC_005_Register_with_valid_and_Invalid_scenarios" name="checkReset" time="27.468"/>
  <testcase classname="Tests.TC_006_Login_with_valid_and_invalid_scenarios" name="checkingLogin" time="0.476"/>
  <testcase classname="Tests.TC_006_Login_with_valid_and_invalid_scenarios" name="checkingLogin" time="0.47"/>
  <testcase classname="Tests.TC_006_Login_with_valid_and_invalid_scenarios" name="checkingLogin" time="0.937"/>
  <testcase classname="Tests.TC_006_Login_with_valid_and_invalid_scenarios" name="checkingLogin" time="0.844"/>
  <testcase classname="Tests.TC_006_Login_with_valid_and_invalid_scenarios" name="checkingLogin" time="0.916"/>
  <testcase classname="Tests.TC_006_Login_with_valid_and_invalid_scenarios" name="checkingLogin" time="0.901"/>
  <testcase classname="Tests.TC_006_Login_with_valid_and_invalid_scenarios" name="checkingLogin" time="3.494"/>
  <testcase classname="Tests.TC_007_Checking_Fields_on_Search_Hotel_page" name="CheckingSearchPageFields" time="3.625"/>
  <testcase classname="Tests.TC_015_Select_value_to_search" name="selectValueToSearchHotels" time="7.291"/>
  <testcase classname="Tests.TC_015_Select_value_to_search" name="selectValueToSearchHotels" time="4.349">
    <failure type="java.lang.AssertionError" message="expected [Check-In Date is Invalid] but found []">
      <![CDATA[java.lang.AssertionError: expected [Check-In Date is Invalid] but found []
at Pages.SelectHotelPage.SearchedValidation(SelectHotelPage.java:65)
at Tests.TC_015_Select_value_to_search.selectValueToSearchHotels(TC_015_Select_value_to_search.java:36)
at java.base/java.util.ArrayList.forEach(ArrayList.java:1596)
... Removed 31 stack frames]]>
    </failure>
  </testcase> <!-- selectValueToSearchHotels -->
  <testcase classname="Tests.TC_015_Select_value_to_search" name="selectValueToSearchHotels" time="4.339">
    <failure type="java.lang.AssertionError" message="expected [Check-Out Date is Invalid] but found []">
      <![CDATA[java.lang.AssertionError: expected [Check-Out Date is Invalid] but found []
at Pages.SelectHotelPage.SearchedValidation(SelectHotelPage.java:68)
at Tests.TC_015_Select_value_to_search.selectValueToSearchHotels(TC_015_Select_value_to_search.java:36)
at java.base/java.util.ArrayList.forEach(ArrayList.java:1596)
... Removed 31 stack frames]]>
    </failure>
  </testcase> <!-- selectValueToSearchHotels -->
  <testcase classname="Tests.TC_015_Select_value_to_search" name="selectValueToSearchHotels" time="7.451"/>
  <testcase classname="Tests.TC_015_Select_value_to_search" name="selectValueToSearchHotels" time="7.439"/>
  <testcase classname="Tests.TC_015_Select_value_to_search" name="selectValueToSearchHotels" time="8.053"/>
  <testcase classname="Tests.TC_015_Select_value_to_search" name="selectValueToSearchHotels" time="7.913"/>
  <testcase classname="Tests.TC_015_Select_value_to_search" name="selectValueToSearchHotels" time="8.056"/>
  <testcase classname="Tests.TC_015_Select_value_to_search" name="selectValueToSearchHotels" time="8.012"/>
  <testcase classname="Tests.TC_015_Select_value_to_search" name="selectValueToSearchHotels" time="7.922"/>
  <testcase classname="Tests.TC_015_Select_value_to_search" name="selectValueToSearchHotels" time="7.953"/>
  <testcase classname="Tests.TC_015_Select_value_to_search" name="selectValueToSearchHotels" time="8.369"/>
  <testcase classname="Tests.TC_015_Select_value_to_search" name="selectValueToSearchHotels" time="9.598"/>
  <testcase classname="Tests.TC_015_Select_value_to_search" name="selectValueToSearchHotels" time="7.963"/>
  <testcase classname="Tests.TC_015_Select_value_to_search" name="selectValueToSearchHotels" time="7.969"/>
  <testcase classname="Tests.TC_015_Select_value_to_search" name="selectValueToSearchHotels" time="7.849"/>
  <testcase classname="Tests.TC_015_Select_value_to_search" name="selectValueToSearchHotels" time="8.573"/>
  <testcase classname="Tests.TC_015_Select_value_to_search" name="selectValueToSearchHotels" time="8.3"/>
  <testcase classname="Tests.TC_015_Select_value_to_search" name="selectValueToSearchHotels" time="7.958"/>
  <testcase classname="Tests.TC_015_Select_value_to_search" name="selectValueToSearchHotels" time="7.91"/>
  <testcase classname="Tests.TC_015_Select_value_to_search" name="selectValueToSearchHotels" time="7.969"/>
  <testcase classname="Tests.TC_015_Select_value_to_search" name="selectValueToSearchHotels" time="10.948"/>
  <testcase classname="Tests.TC_015_Select_value_to_search" name="selectValueToSearchHotels" time="7.92"/>
  <testcase classname="Tests.TC_015_Select_value_to_search" name="selectValueToSearchHotels" time="8.291"/>
  <testcase classname="Tests.TC_015_Select_value_to_search" name="selectValueToSearchHotels" time="7.93"/>
  <testcase classname="Tests.TC_015_Select_value_to_search" name="selectValueToSearchHotels" time="7.948"/>
  <testcase classname="Tests.TC_015_Select_value_to_search" name="selectValueToSearchHotels" time="7.981"/>
  <testcase classname="Tests.TC_015_Select_value_to_search" name="selectValueToSearchHotels" time="7.933"/>
  <testcase classname="Tests.TC_015_Select_value_to_search" name="selectValueToSearchHotels" time="7.994"/>
  <testcase classname="Tests.TC_015_Select_value_to_search" name="selectValueToSearchHotels" time="7.895"/>
  <testcase classname="Tests.TC_015_Select_value_to_search" name="selectValueToSearchHotels" time="7.893"/>
  <testcase classname="Tests.TC_015_Select_value_to_search" name="selectValueToSearchHotels" time="8.022"/>
  <testcase classname="Tests.TC_015_Select_value_to_search" name="selectValueToSearchHotels" time="8.751"/>
  <testcase classname="Tests.TC_015_Select_value_to_search" name="selectValueToSearchHotels" time="7.898"/>
  <testcase classname="Tests.TC_015_Select_value_to_search" name="selectValueToSearchHotels" time="9.285"/>
  <testcase classname="Tests.TC_015_Select_value_to_search" name="selectValueToSearchHotels" time="7.965"/>
  <testcase classname="Tests.TC_015_Select_value_to_search" name="selectValueToSearchHotels" time="8.027"/>
  <testcase classname="Tests.TC_015_Select_value_to_search" name="selectValueToSearchHotels" time="7.837"/>
  <testcase classname="Tests.TC_015_Select_value_to_search" name="selectValueToSearchHotels" time="7.902"/>
  <testcase classname="Tests.TC_015_Select_value_to_search" name="selectValueToSearchHotels" time="7.92"/>
  <testcase classname="Tests.TC_015_Select_value_to_search" name="selectValueToSearchHotels" time="7.891"/>
  <testcase classname="Tests.TC_015_Select_value_to_search" name="selectValueToSearchHotels" time="8.0"/>
  <testcase classname="Tests.TC_015_Select_value_to_search" name="selectValueToSearchHotels" time="7.992"/>
  <testcase classname="Tests.TC_015_Select_value_to_search" name="selectValueToSearchHotels" time="7.957"/>
  <testcase classname="Tests.TC_015_Select_value_to_search" name="selectValueToSearchHotels" time="7.972"/>
  <testcase classname="Tests.TC_015_Select_value_to_search" name="selectValueToSearchHotels" time="7.887"/>
  <testcase classname="Tests.TC_015_Select_value_to_search" name="selectValueToSearchHotels" time="7.905"/>
  <testcase classname="Tests.TC_015_Select_value_to_search" name="selectValueToSearchHotels" time="7.911"/>
  <testcase classname="Tests.TC_015_Select_value_to_search" name="selectValueToSearchHotels" time="7.895"/>
  <testcase classname="Tests.TC_015_Select_value_to_search" name="selectValueToSearchHotels" time="8.318"/>
  <testcase classname="Tests.TC_015_Select_value_to_search" name="selectValueToSearchHotels" time="8.38"/>
  <testcase classname="Tests.TC_015_Select_value_to_search" name="selectValueToSearchHotels" time="8.339"/>
  <testcase classname="Tests.TC_015_Select_value_to_search" name="selectValueToSearchHotels" time="7.877"/>
  <testcase classname="Tests.TC_015_Select_value_to_search" name="selectValueToSearchHotels" time="7.871"/>
  <testcase classname="Tests.TC_015_Select_value_to_search" name="selectValueToSearchHotels" time="7.96"/>
  <testcase classname="Tests.TC_015_Select_value_to_search" name="selectValueToSearchHotels" time="7.901"/>
  <testcase classname="Tests.TC_015_Select_value_to_search" name="selectValueToSearchHotels" time="8.041"/>
  <testcase classname="Tests.TC_015_Select_value_to_search" name="selectValueToSearchHotels" time="7.983"/>
  <testcase classname="Tests.TC_015_Select_value_to_search" name="selectValueToSearchHotels" time="7.918"/>
  <testcase classname="Tests.TC_015_Select_value_to_search" name="selectValueToSearchHotels" time="7.863"/>
  <testcase classname="Tests.TC_015_Select_value_to_search" name="selectValueToSearchHotels" time="8.358"/>
  <testcase classname="Tests.TC_015_Select_value_to_search" name="selectValueToSearchHotels" time="7.919"/>
  <testcase classname="Tests.TC_015_Select_value_to_search" name="selectValueToSearchHotels" time="7.948"/>
  <testcase classname="Tests.TC_015_Select_value_to_search" name="selectValueToSearchHotels" time="7.961"/>
  <testcase classname="Tests.TC_015_Select_value_to_search" name="selectValueToSearchHotels" time="7.93"/>
  <testcase classname="Tests.TC_015_Select_value_to_search" name="selectValueToSearchHotels" time="7.867"/>
  <testcase classname="Tests.TC_015_Select_value_to_search" name="selectValueToSearchHotels" time="7.961"/>
  <testcase classname="Tests.TC_015_Select_value_to_search" name="selectValueToSearchHotels" time="7.886"/>
  <testcase classname="Tests.TC_015_Select_value_to_search" name="selectValueToSearchHotels" time="8.017"/>
  <testcase classname="Tests.TC_015_Select_value_to_search" name="selectValueToSearchHotels" time="7.908"/>
  <testcase classname="Tests.TC_015_Select_value_to_search" name="selectValueToSearchHotels" time="7.881"/>
  <testcase classname="Tests.TC_015_Select_value_to_search" name="selectValueToSearchHotels" time="7.889"/>
  <testcase classname="Tests.TC_015_Select_value_to_search" name="selectValueToSearchHotels" time="7.89"/>
  <testcase classname="Tests.TC_015_Select_value_to_search" name="selectValueToSearchHotels" time="7.892"/>
  <testcase classname="Tests.TC_015_Select_value_to_search" name="selectValueToSearchHotels" time="8.391"/>
  <testcase classname="Tests.TC_015_Select_value_to_search" name="selectValueToSearchHotels" time="7.884"/>
  <testcase classname="Tests.TC_015_Select_value_to_search" name="selectValueToSearchHotels" time="7.965"/>
  <testcase classname="Tests.TC_015_Select_value_to_search" name="selectValueToSearchHotels" time="7.971"/>
  <testcase classname="Tests.TC_015_Select_value_to_search" name="selectValueToSearchHotels" time="7.956"/>
  <testcase classname="Tests.TC_015_Select_value_to_search" name="selectValueToSearchHotels" time="8.417"/>
  <testcase classname="Tests.TC_015_Select_value_to_search" name="selectValueToSearchHotels" time="7.928"/>
  <testcase classname="Tests.TC_015_Select_value_to_search" name="selectValueToSearchHotels" time="7.905"/>
  <testcase classname="Tests.TC_015_Select_value_to_search" name="selectValueToSearchHotels" time="7.93"/>
  <testcase classname="Tests.TC_015_Select_value_to_search" name="selectValueToSearchHotels" time="8.051"/>
  <testcase classname="Tests.TC_015_Select_value_to_search" name="selectValueToSearchHotels" time="8.006"/>
  <testcase classname="Tests.TC_008_Forgot_Password_with_valid_and_Invalid_scenarios" name="checkForgotPassword" time="4.523"/>
  <testcase classname="Tests.TC_008_Forgot_Password_with_valid_and_Invalid_scenarios" name="checkForgotPassword" time="4.434"/>
  <testcase classname="Tests.TC_008_Forgot_Password_with_valid_and_Invalid_scenarios" name="checkForgotPassword" time="5.441"/>
  <testcase classname="Tests.TC_008_Forgot_Password_with_valid_and_Invalid_scenarios" name="checkForgotPassword" time="7.079"/>
  <testcase classname="Tests.TC_008_Forgot_Password_with_valid_and_Invalid_scenarios" name="checkReset" time="1.616"/>
  <testcase classname="Tests.TC_009_Select_a_Hotel" name="selectAHotelToBook" time="8.65"/>
  <testcase classname="Tests.TC_009_Select_a_Hotel" name="selectAHotelToBook" time="8.559"/>
  <testcase classname="Tests.TC_009_Select_a_Hotel" name="selectAHotelToBook" time="8.661"/>
  <testcase classname="Tests.TC_009_Select_a_Hotel" name="selectAHotelToBook" time="8.65"/>
  <testcase classname="Tests.TC_010_Select_a_Hotel_Negative_Scenario" name="selectAHotelToBook" time="8.175"/>
  <testcase classname="Tests.TC_011_Book_A_Hotel" name="BookingAHotel" time="4.409"/>
  <testcase classname="Tests.TC_011_Book_A_Hotel" name="BookingAHotel" time="4.4"/>
  <testcase classname="Tests.TC_011_Book_A_Hotel" name="BookingAHotel" time="4.435"/>
  <testcase classname="Tests.TC_011_Book_A_Hotel" name="BookingAHotel" time="4.655"/>
  <testcase classname="Tests.TC_011_Book_A_Hotel" name="BookingAHotel" time="4.642"/>
  <testcase classname="Tests.TC_011_Book_A_Hotel" name="BookingAHotel" time="4.64"/>
  <testcase classname="Tests.TC_011_Book_A_Hotel" name="BookingAHotel" time="4.676"/>
  <testcase classname="Tests.TC_011_Book_A_Hotel" name="BookingAHotel" time="4.533"/>
  <testcase classname="Tests.TC_011_Book_A_Hotel" name="BookingAHotel" time="19.458"/>
  <testcase classname="Tests.TC_011_Book_A_Hotel" name="BookingAHotel" time="10.251"/>
  <testcase classname="Tests.TC_011_Book_A_Hotel" name="BookingAHotel" time="10.081"/>
  <testcase classname="Tests.TC_011_Book_A_Hotel" name="BookingAHotel" time="9.928"/>
  <testcase classname="Tests.TC_012_Chnage_Password" name="changePassword" time="33.08">
    <failure type="org.openqa.selenium.NoSuchElementException" message="no such element: Unable to locate element: {&amp;quot;method&amp;quot;:&amp;quot;xpath&amp;quot;,&amp;quot;selector&amp;quot;:&amp;quot;//td[contains(text(),&amp;apos;You have successfully&amp;apos;)]&amp;quot;}
  (Session info: chrome=135.0.7049.115)
For documentation on this error, please visit: https://www.selenium.dev/documentation/webdriver/troubleshooting/errors#no-such-element-exception
Build info: version: &amp;apos;4.29.0&amp;apos;, revision: &amp;apos;5fc1ec94cb&amp;apos;
System info: os.name: &amp;apos;Windows 10&amp;apos;, os.arch: &amp;apos;amd64&amp;apos;, os.version: &amp;apos;10.0&amp;apos;, java.version: &amp;apos;21.0.4&amp;apos;
Driver info: org.openqa.selenium.chrome.ChromeDriver
Command: [942d606cd65b5b70a97bc6cf7334f57b, findElement {using=xpath, value=//td[contains(text(),&amp;apos;You have successfully&amp;apos;)]}]
Capabilities {acceptInsecureCerts: false, browserName: chrome, browserVersion: 135.0.7049.115, chrome: {chromedriverVersion: 135.0.7049.114 (63fd8a7d9d0..., userDataDir: C:\Users\cmurugan\AppData\L...}, fedcm:accounts: true, goog:chromeOptions: {debuggerAddress: localhost:51077}, networkConnectionEnabled: false, pageLoadStrategy: normal, platformName: windows, proxy: Proxy(), se:cdp: ws://localhost:51077/devtoo..., se:cdpVersion: 135.0.7049.115, setWindowRect: true, strictFileInteractability: false, timeouts: {implicit: 0, pageLoad: 300000, script: 30000}, unhandledPromptBehavior: dismiss and notify, webauthn:extension:credBlob: true, webauthn:extension:largeBlob: true, webauthn:extension:minPinLength: true, webauthn:extension:prf: true, webauthn:virtualAuthenticators: true}
Session ID: 942d606cd65b5b70a97bc6cf7334f57b">
      <![CDATA[org.openqa.selenium.NoSuchElementException: no such element: Unable to locate element: {"method":"xpath","selector":"//td[contains(text(),'You have successfully')]"}
  (Session info: chrome=135.0.7049.115)
For documentation on this error, please visit: https://www.selenium.dev/documentation/webdriver/troubleshooting/errors#no-such-element-exception
Build info: version: '4.29.0', revision: '5fc1ec94cb'
System info: os.name: 'Windows 10', os.arch: 'amd64', os.version: '10.0', java.version: '21.0.4'
Driver info: org.openqa.selenium.chrome.ChromeDriver
Command: [942d606cd65b5b70a97bc6cf7334f57b, findElement {using=xpath, value=//td[contains(text(),'You have successfully')]}]
Capabilities {acceptInsecureCerts: false, browserName: chrome, browserVersion: 135.0.7049.115, chrome: {chromedriverVersion: 135.0.7049.114 (63fd8a7d9d0..., userDataDir: C:\Users\cmurugan\AppData\L...}, fedcm:accounts: true, goog:chromeOptions: {debuggerAddress: localhost:51077}, networkConnectionEnabled: false, pageLoadStrategy: normal, platformName: windows, proxy: Proxy(), se:cdp: ws://localhost:51077/devtoo..., se:cdpVersion: 135.0.7049.115, setWindowRect: true, strictFileInteractability: false, timeouts: {implicit: 0, pageLoad: 300000, script: 30000}, unhandledPromptBehavior: dismiss and notify, webauthn:extension:credBlob: true, webauthn:extension:largeBlob: true, webauthn:extension:minPinLength: true, webauthn:extension:prf: true, webauthn:virtualAuthenticators: true}
Session ID: 942d606cd65b5b70a97bc6cf7334f57b
at org.openqa.selenium.remote.ErrorCodec.decode(ErrorCodec.java:167)
at org.openqa.selenium.remote.codec.w3c.W3CHttpResponseCodec.decode(W3CHttpResponseCodec.java:138)
at org.openqa.selenium.remote.codec.w3c.W3CHttpResponseCodec.decode(W3CHttpResponseCodec.java:50)
at org.openqa.selenium.remote.HttpCommandExecutor.execute(HttpCommandExecutor.java:215)
at org.openqa.selenium.remote.service.DriverCommandExecutor.invokeExecute(DriverCommandExecutor.java:216)
at org.openqa.selenium.remote.service.DriverCommandExecutor.execute(DriverCommandExecutor.java:174)
at org.openqa.selenium.remote.RemoteWebDriver.execute(RemoteWebDriver.java:545)
at org.openqa.selenium.remote.ElementLocation$ElementFinder$2.findElement(ElementLocation.java:165)
at org.openqa.selenium.remote.ElementLocation.findElement(ElementLocation.java:59)
at org.openqa.selenium.remote.RemoteWebDriver.findElement(RemoteWebDriver.java:368)
at org.openqa.selenium.remote.RemoteWebDriver.findElement(RemoteWebDriver.java:362)
at org.openqa.selenium.support.pagefactory.DefaultElementLocator.findElement(DefaultElementLocator.java:68)
at org.openqa.selenium.support.pagefactory.internal.LocatingElementHandler.invoke(LocatingElementHandler.java:38)
at jdk.proxy2/jdk.proxy2.$Proxy20.getText(Unknown Source)
at Pages.LogoutPage.checkLogoutMessage(LogoutPage.java:25)
at Tests.TC_012_Chnage_Password.changePassword(TC_012_Chnage_Password.java:29)
at java.base/java.util.ArrayList.forEach(ArrayList.java:1596)
... Removed 28 stack frames]]>
    </failure>
  </testcase> <!-- changePassword -->
  <testcase classname="Tests.TC_012_Chnage_Password" name="changePassword" time="3.265">
    <failure type="org.openqa.selenium.StaleElementReferenceException" message="stale element reference: stale element not found
  (Session info: chrome=135.0.7049.115)
For documentation on this error, please visit: https://www.selenium.dev/documentation/webdriver/troubleshooting/errors#stale-element-reference-exception
Build info: version: &amp;apos;4.29.0&amp;apos;, revision: &amp;apos;5fc1ec94cb&amp;apos;
System info: os.name: &amp;apos;Windows 10&amp;apos;, os.arch: &amp;apos;amd64&amp;apos;, os.version: &amp;apos;10.0&amp;apos;, java.version: &amp;apos;21.0.4&amp;apos;
Driver info: org.openqa.selenium.chrome.ChromeDriver
Command: [07a46a40799699c5f4af70a29467a3bb, getElementText {id=f.8EC7728E61B456AEEDE3439F487B4E35.d.7C1C6686150C56EE0047CECAED4A4F90.e.663}]
Capabilities {acceptInsecureCerts: false, browserName: chrome, browserVersion: 135.0.7049.115, chrome: {chromedriverVersion: 135.0.7049.114 (63fd8a7d9d0..., userDataDir: C:\Users\cmurugan\AppData\L...}, fedcm:accounts: true, goog:chromeOptions: {debuggerAddress: localhost:51126}, networkConnectionEnabled: false, pageLoadStrategy: normal, platformName: windows, proxy: Proxy(), se:cdp: ws://localhost:51126/devtoo..., se:cdpVersion: 135.0.7049.115, setWindowRect: true, strictFileInteractability: false, timeouts: {implicit: 0, pageLoad: 300000, script: 30000}, unhandledPromptBehavior: dismiss and notify, webauthn:extension:credBlob: true, webauthn:extension:largeBlob: true, webauthn:extension:minPinLength: true, webauthn:extension:prf: true, webauthn:virtualAuthenticators: true}
Element: [[ChromeDriver: chrome on windows (07a46a40799699c5f4af70a29467a3bb)] -&amp;gt; id: pass_span]
Session ID: 07a46a40799699c5f4af70a29467a3bb">
      <![CDATA[org.openqa.selenium.StaleElementReferenceException: stale element reference: stale element not found
  (Session info: chrome=135.0.7049.115)
For documentation on this error, please visit: https://www.selenium.dev/documentation/webdriver/troubleshooting/errors#stale-element-reference-exception
Build info: version: '4.29.0', revision: '5fc1ec94cb'
System info: os.name: 'Windows 10', os.arch: 'amd64', os.version: '10.0', java.version: '21.0.4'
Driver info: org.openqa.selenium.chrome.ChromeDriver
Command: [07a46a40799699c5f4af70a29467a3bb, getElementText {id=f.8EC7728E61B456AEEDE3439F487B4E35.d.7C1C6686150C56EE0047CECAED4A4F90.e.663}]
Capabilities {acceptInsecureCerts: false, browserName: chrome, browserVersion: 135.0.7049.115, chrome: {chromedriverVersion: 135.0.7049.114 (63fd8a7d9d0..., userDataDir: C:\Users\cmurugan\AppData\L...}, fedcm:accounts: true, goog:chromeOptions: {debuggerAddress: localhost:51126}, networkConnectionEnabled: false, pageLoadStrategy: normal, platformName: windows, proxy: Proxy(), se:cdp: ws://localhost:51126/devtoo..., se:cdpVersion: 135.0.7049.115, setWindowRect: true, strictFileInteractability: false, timeouts: {implicit: 0, pageLoad: 300000, script: 30000}, unhandledPromptBehavior: dismiss and notify, webauthn:extension:credBlob: true, webauthn:extension:largeBlob: true, webauthn:extension:minPinLength: true, webauthn:extension:prf: true, webauthn:virtualAuthenticators: true}
Element: [[ChromeDriver: chrome on windows (07a46a40799699c5f4af70a29467a3bb)] -> id: pass_span]
Session ID: 07a46a40799699c5f4af70a29467a3bb
at org.openqa.selenium.remote.ErrorCodec.decode(ErrorCodec.java:167)
at org.openqa.selenium.remote.codec.w3c.W3CHttpResponseCodec.decode(W3CHttpResponseCodec.java:138)
at org.openqa.selenium.remote.codec.w3c.W3CHttpResponseCodec.decode(W3CHttpResponseCodec.java:50)
at org.openqa.selenium.remote.HttpCommandExecutor.execute(HttpCommandExecutor.java:215)
at org.openqa.selenium.remote.service.DriverCommandExecutor.invokeExecute(DriverCommandExecutor.java:216)
at org.openqa.selenium.remote.service.DriverCommandExecutor.execute(DriverCommandExecutor.java:174)
at org.openqa.selenium.remote.RemoteWebDriver.execute(RemoteWebDriver.java:545)
at org.openqa.selenium.remote.RemoteWebElement.execute(RemoteWebElement.java:223)
at org.openqa.selenium.remote.RemoteWebElement.getText(RemoteWebElement.java:191)
at org.openqa.selenium.support.pagefactory.internal.LocatingElementHandler.invoke(LocatingElementHandler.java:51)
at jdk.proxy2/jdk.proxy2.$Proxy20.getText(Unknown Source)
at Pages.ChangePasswordPage.checkValidation(ChangePasswordPage.java:75)
at Tests.TC_012_Chnage_Password.changePassword(TC_012_Chnage_Password.java:27)
at java.base/java.util.ArrayList.forEach(ArrayList.java:1596)
... Removed 30 stack frames]]>
    </failure>
  </testcase> <!-- changePassword -->
  <testcase classname="Tests.TC_012_Chnage_Password" name="changePassword" time="3.099">
    <failure type="org.openqa.selenium.StaleElementReferenceException" message="stale element reference: stale element not found
  (Session info: chrome=135.0.7049.115)
For documentation on this error, please visit: https://www.selenium.dev/documentation/webdriver/troubleshooting/errors#stale-element-reference-exception
Build info: version: &amp;apos;4.29.0&amp;apos;, revision: &amp;apos;5fc1ec94cb&amp;apos;
System info: os.name: &amp;apos;Windows 10&amp;apos;, os.arch: &amp;apos;amd64&amp;apos;, os.version: &amp;apos;10.0&amp;apos;, java.version: &amp;apos;21.0.4&amp;apos;
Driver info: org.openqa.selenium.chrome.ChromeDriver
Command: [fc8b1d63c258b5a3dd7ccda7dd70d107, getElementText {id=f.FD3E00A4AECF17A0AE813C34B776A6E7.d.7898E137C16F4A730F24BCC194BEA279.e.671}]
Capabilities {acceptInsecureCerts: false, browserName: chrome, browserVersion: 135.0.7049.115, chrome: {chromedriverVersion: 135.0.7049.114 (63fd8a7d9d0..., userDataDir: C:\Users\cmurugan\AppData\L...}, fedcm:accounts: true, goog:chromeOptions: {debuggerAddress: localhost:51163}, networkConnectionEnabled: false, pageLoadStrategy: normal, platformName: windows, proxy: Proxy(), se:cdp: ws://localhost:51163/devtoo..., se:cdpVersion: 135.0.7049.115, setWindowRect: true, strictFileInteractability: false, timeouts: {implicit: 0, pageLoad: 300000, script: 30000}, unhandledPromptBehavior: dismiss and notify, webauthn:extension:credBlob: true, webauthn:extension:largeBlob: true, webauthn:extension:minPinLength: true, webauthn:extension:prf: true, webauthn:virtualAuthenticators: true}
Element: [[ChromeDriver: chrome on windows (fc8b1d63c258b5a3dd7ccda7dd70d107)] -&amp;gt; id: re_pass_span]
Session ID: fc8b1d63c258b5a3dd7ccda7dd70d107">
      <![CDATA[org.openqa.selenium.StaleElementReferenceException: stale element reference: stale element not found
  (Session info: chrome=135.0.7049.115)
For documentation on this error, please visit: https://www.selenium.dev/documentation/webdriver/troubleshooting/errors#stale-element-reference-exception
Build info: version: '4.29.0', revision: '5fc1ec94cb'
System info: os.name: 'Windows 10', os.arch: 'amd64', os.version: '10.0', java.version: '21.0.4'
Driver info: org.openqa.selenium.chrome.ChromeDriver
Command: [fc8b1d63c258b5a3dd7ccda7dd70d107, getElementText {id=f.FD3E00A4AECF17A0AE813C34B776A6E7.d.7898E137C16F4A730F24BCC194BEA279.e.671}]
Capabilities {acceptInsecureCerts: false, browserName: chrome, browserVersion: 135.0.7049.115, chrome: {chromedriverVersion: 135.0.7049.114 (63fd8a7d9d0..., userDataDir: C:\Users\cmurugan\AppData\L...}, fedcm:accounts: true, goog:chromeOptions: {debuggerAddress: localhost:51163}, networkConnectionEnabled: false, pageLoadStrategy: normal, platformName: windows, proxy: Proxy(), se:cdp: ws://localhost:51163/devtoo..., se:cdpVersion: 135.0.7049.115, setWindowRect: true, strictFileInteractability: false, timeouts: {implicit: 0, pageLoad: 300000, script: 30000}, unhandledPromptBehavior: dismiss and notify, webauthn:extension:credBlob: true, webauthn:extension:largeBlob: true, webauthn:extension:minPinLength: true, webauthn:extension:prf: true, webauthn:virtualAuthenticators: true}
Element: [[ChromeDriver: chrome on windows (fc8b1d63c258b5a3dd7ccda7dd70d107)] -> id: re_pass_span]
Session ID: fc8b1d63c258b5a3dd7ccda7dd70d107
at org.openqa.selenium.remote.ErrorCodec.decode(ErrorCodec.java:167)
at org.openqa.selenium.remote.codec.w3c.W3CHttpResponseCodec.decode(W3CHttpResponseCodec.java:138)
at org.openqa.selenium.remote.codec.w3c.W3CHttpResponseCodec.decode(W3CHttpResponseCodec.java:50)
at org.openqa.selenium.remote.HttpCommandExecutor.execute(HttpCommandExecutor.java:215)
at org.openqa.selenium.remote.service.DriverCommandExecutor.invokeExecute(DriverCommandExecutor.java:216)
at org.openqa.selenium.remote.service.DriverCommandExecutor.execute(DriverCommandExecutor.java:174)
at org.openqa.selenium.remote.RemoteWebDriver.execute(RemoteWebDriver.java:545)
at org.openqa.selenium.remote.RemoteWebElement.execute(RemoteWebElement.java:223)
at org.openqa.selenium.remote.RemoteWebElement.getText(RemoteWebElement.java:191)
at org.openqa.selenium.support.pagefactory.internal.LocatingElementHandler.invoke(LocatingElementHandler.java:51)
at jdk.proxy2/jdk.proxy2.$Proxy20.getText(Unknown Source)
at Pages.ChangePasswordPage.checkValidation(ChangePasswordPage.java:78)
at Tests.TC_012_Chnage_Password.changePassword(TC_012_Chnage_Password.java:27)
at java.base/java.util.ArrayList.forEach(ArrayList.java:1596)
... Removed 30 stack frames]]>
    </failure>
  </testcase> <!-- changePassword -->
  <testcase classname="Tests.TC_012_Chnage_Password" name="changePassword" time="7.812"/>
  <testcase classname="Tests.TC_013_Cancel_Book_iternary" name="checkCancelBookItineraryByCancelButton" time="39.237"/>
  <testcase classname="Tests.TC_013_Cancel_Book_iternary" name="checkCancelBookItineraryBySingleCheck" time="48.357"/>
  <testcase classname="Tests.TC_013_Cancel_Book_iternary" name="checkCancelBookItineraryByAllCheck" time="46.654"/>
  <testcase classname="Tests.TC_014_Logout_from_page" name="Logout" time="5.209"/>
  <testcase classname="Base.AdactinHotel" name="@AfterSuite closeReport" time="0.0">
    <ignored/>
  </testcase> <!-- @AfterSuite closeReport -->
  <testcase classname="Base.AdactinHotel" name="@BeforeSuite reportInitialization" time="0.0">
    <ignored/>
  </testcase> <!-- @BeforeSuite reportInitialization -->
  <testcase classname="Base.AdactinHotel" name="@BeforeSuite reportInitialization" time="0.0">
    <ignored/>
  </testcase> <!-- @BeforeSuite reportInitialization -->
  <testcase classname="Base.AdactinHotel" name="@BeforeSuite reportInitialization" time="0.0">
    <ignored/>
  </testcase> <!-- @BeforeSuite reportInitialization -->
  <testcase classname="Base.AdactinHotel" name="@BeforeSuite reportInitialization" time="0.0">
    <ignored/>
  </testcase> <!-- @BeforeSuite reportInitialization -->
  <testcase classname="Base.AdactinHotel" name="@BeforeSuite reportInitialization" time="0.0">
    <ignored/>
  </testcase> <!-- @BeforeSuite reportInitialization -->
  <testcase classname="Base.AdactinHotel" name="@BeforeSuite reportInitialization" time="0.0">
    <ignored/>
  </testcase> <!-- @BeforeSuite reportInitialization -->
  <testcase classname="Base.AdactinHotel" name="@BeforeSuite reportInitialization" time="0.0">
    <ignored/>
  </testcase> <!-- @BeforeSuite reportInitialization -->
  <testcase classname="Base.AdactinHotel" name="@AfterSuite closeReport" time="0.0">
    <ignored/>
  </testcase> <!-- @AfterSuite closeReport -->
  <testcase classname="Base.AdactinHotel" name="@BeforeSuite reportInitialization" time="0.0">
    <ignored/>
  </testcase> <!-- @BeforeSuite reportInitialization -->
  <testcase classname="Base.AdactinHotel" name="@BeforeSuite reportInitialization" time="0.0">
    <ignored/>
  </testcase> <!-- @BeforeSuite reportInitialization -->
  <testcase classname="Base.AdactinHotel" name="@AfterSuite closeReport" time="0.0">
    <ignored/>
  </testcase> <!-- @AfterSuite closeReport -->
  <testcase classname="Base.AdactinHotel" name="@BeforeSuite reportInitialization" time="0.0">
    <ignored/>
  </testcase> <!-- @BeforeSuite reportInitialization -->
  <testcase classname="Base.AdactinHotel" name="@AfterSuite closeReport" time="0.0">
    <ignored/>
  </testcase> <!-- @AfterSuite closeReport -->
  <testcase classname="Base.AdactinHotel" name="@AfterSuite closeReport" time="0.0">
    <ignored/>
  </testcase> <!-- @AfterSuite closeReport -->
  <testcase classname="Base.AdactinHotel" name="@AfterSuite closeReport" time="0.0">
    <ignored/>
  </testcase> <!-- @AfterSuite closeReport -->
  <testcase classname="Base.AdactinHotel" name="@BeforeSuite reportInitialization" time="0.0">
    <ignored/>
  </testcase> <!-- @BeforeSuite reportInitialization -->
  <testcase classname="Base.AdactinHotel" name="@AfterSuite closeReport" time="0.0">
    <ignored/>
  </testcase> <!-- @AfterSuite closeReport -->
  <testcase classname="Base.AdactinHotel" name="@BeforeSuite reportInitialization" time="0.0">
    <ignored/>
  </testcase> <!-- @BeforeSuite reportInitialization -->
  <testcase classname="Base.AdactinHotel" name="@AfterSuite closeReport" time="0.0">
    <ignored/>
  </testcase> <!-- @AfterSuite closeReport -->
  <testcase classname="Base.AdactinHotel" name="@BeforeSuite reportInitialization" time="0.0">
    <ignored/>
  </testcase> <!-- @BeforeSuite reportInitialization -->
  <testcase classname="Base.AdactinHotel" name="@AfterSuite closeReport" time="0.0">
    <ignored/>
  </testcase> <!-- @AfterSuite closeReport -->
  <testcase classname="Base.AdactinHotel" name="@AfterSuite closeReport" time="0.0">
    <ignored/>
  </testcase> <!-- @AfterSuite closeReport -->
  <testcase classname="Base.AdactinHotel" name="@AfterSuite closeReport" time="0.0">
    <ignored/>
  </testcase> <!-- @AfterSuite closeReport -->
  <testcase classname="Base.AdactinHotel" name="@BeforeSuite reportInitialization" time="0.0">
    <ignored/>
  </testcase> <!-- @BeforeSuite reportInitialization -->
  <testcase classname="Base.AdactinHotel" name="@AfterSuite closeReport" time="0.0">
    <ignored/>
  </testcase> <!-- @AfterSuite closeReport -->
  <testcase classname="Base.AdactinHotel" name="@AfterSuite closeReport" time="0.0">
    <ignored/>
  </testcase> <!-- @AfterSuite closeReport -->
  <testcase classname="Base.AdactinHotel" name="@AfterSuite closeReport" time="0.0">
    <ignored/>
  </testcase> <!-- @AfterSuite closeReport -->
</testsuite> <!-- ChromeTest -->
