<?xml version="1.0" encoding="UTF-8"?>
<!-- Generated by org.testng.reporters.JUnitXMLReporter -->
<testsuite ignored="28" hostname="HCLLMDU0258" failures="6" tests="144" name="ChromeTest" time="2097.169" errors="0" timestamp="2025-05-01T09:34:42 IST">
  <testcase classname="Tests.TC_001_Checking_Fields_On_Login_Page_Are_Visible" name="checkingLoginPageFieldsAreDisplayed" time="0.166"/>
  <testcase classname="Tests.TC_002_Checking_Options_Are_Clickable_On_Login_page" name="checkingLoginPageFieldsAreClickable" time="0.134"/>
  <testcase classname="Tests.TC_003_Checking_fields_on_Register_page_are_displayed" name="checkingRegisterPageFieldsAreDisplayed" time="1.439"/>
  <testcase classname="Tests.TC_004_Checking_Options_are_clickable_on_register_page" name="checkingRegisterPageFieldsAreClickable" time="1.546"/>
  <testcase classname="Tests.TC_005_Register_with_valid_and_Invalid_scenarios" name="checkSignUp" time="27.497"/>
  <testcase classname="Tests.TC_005_Register_with_valid_and_Invalid_scenarios" name="checkSignUp" time="33.688"/>
  <testcase classname="Tests.TC_005_Register_with_valid_and_Invalid_scenarios" name="checkSignUp" time="27.508"/>
  <testcase classname="Tests.TC_005_Register_with_valid_and_Invalid_scenarios" name="checkSignUp" time="27.491"/>
  <testcase classname="Tests.TC_005_Register_with_valid_and_Invalid_scenarios" name="checkSignUp" time="27.515"/>
  <testcase classname="Tests.TC_005_Register_with_valid_and_Invalid_scenarios" name="checkSignUp" time="27.301"/>
  <testcase classname="Tests.TC_005_Register_with_valid_and_Invalid_scenarios" name="checkSignUp" time="27.565"/>
  <testcase classname="Tests.TC_005_Register_with_valid_and_Invalid_scenarios" name="checkSignUp" time="27.258"/>
  <testcase classname="Tests.TC_005_Register_with_valid_and_Invalid_scenarios" name="checkSignUp" time="27.992"/>
  <testcase classname="Tests.TC_005_Register_with_valid_and_Invalid_scenarios" name="checkSignUp" time="27.758"/>
  <testcase classname="Tests.TC_005_Register_with_valid_and_Invalid_scenarios" name="checkSignUp" time="27.321"/>
  <testcase classname="Tests.TC_005_Register_with_valid_and_Invalid_scenarios" name="checkSignUp" time="27.566"/>
  <testcase classname="Tests.TC_005_Register_with_valid_and_Invalid_scenarios" name="checkSignUp" time="27.752"/>
  <testcase classname="Tests.TC_005_Register_with_valid_and_Invalid_scenarios" name="checkSignUp" time="58.407">
    <failure type="org.openqa.selenium.NoSuchElementException" message="no such element: Unable to locate element: {&amp;quot;method&amp;quot;:&amp;quot;xpath&amp;quot;,&amp;quot;selector&amp;quot;:&amp;quot;//td[contains(text(),&amp;apos;email verification code&amp;apos;)]&amp;quot;}
  (Session info: chrome=135.0.7049.115)
For documentation on this error, please visit: https://www.selenium.dev/documentation/webdriver/troubleshooting/errors#no-such-element-exception
Build info: version: &amp;apos;4.29.0&amp;apos;, revision: &amp;apos;5fc1ec94cb&amp;apos;
System info: os.name: &amp;apos;Windows 10&amp;apos;, os.arch: &amp;apos;amd64&amp;apos;, os.version: &amp;apos;10.0&amp;apos;, java.version: &amp;apos;21.0.4&amp;apos;
Driver info: org.openqa.selenium.chrome.ChromeDriver
Command: [07150ae7929aeb8d66774febc3ed2a85, findElement {using=xpath, value=//td[contains(text(),&amp;apos;email verification code&amp;apos;)]}]
Capabilities {acceptInsecureCerts: false, browserName: chrome, browserVersion: 135.0.7049.115, chrome: {chromedriverVersion: 135.0.7049.114 (63fd8a7d9d0..., userDataDir: C:\Users\cmurugan\AppData\L...}, fedcm:accounts: true, goog:chromeOptions: {debuggerAddress: localhost:63929}, networkConnectionEnabled: false, pageLoadStrategy: normal, platformName: windows, proxy: Proxy(), se:cdp: ws://localhost:63929/devtoo..., se:cdpVersion: 135.0.7049.115, setWindowRect: true, strictFileInteractability: false, timeouts: {implicit: 0, pageLoad: 300000, script: 30000}, unhandledPromptBehavior: dismiss and notify, webauthn:extension:credBlob: true, webauthn:extension:largeBlob: true, webauthn:extension:minPinLength: true, webauthn:extension:prf: true, webauthn:virtualAuthenticators: true}
Session ID: 07150ae7929aeb8d66774febc3ed2a85">
      <![CDATA[org.openqa.selenium.NoSuchElementException: no such element: Unable to locate element: {"method":"xpath","selector":"//td[contains(text(),'email verification code')]"}
  (Session info: chrome=135.0.7049.115)
For documentation on this error, please visit: https://www.selenium.dev/documentation/webdriver/troubleshooting/errors#no-such-element-exception
Build info: version: '4.29.0', revision: '5fc1ec94cb'
System info: os.name: 'Windows 10', os.arch: 'amd64', os.version: '10.0', java.version: '21.0.4'
Driver info: org.openqa.selenium.chrome.ChromeDriver
Command: [07150ae7929aeb8d66774febc3ed2a85, findElement {using=xpath, value=//td[contains(text(),'email verification code')]}]
Capabilities {acceptInsecureCerts: false, browserName: chrome, browserVersion: 135.0.7049.115, chrome: {chromedriverVersion: 135.0.7049.114 (63fd8a7d9d0..., userDataDir: C:\Users\cmurugan\AppData\L...}, fedcm:accounts: true, goog:chromeOptions: {debuggerAddress: localhost:63929}, networkConnectionEnabled: false, pageLoadStrategy: normal, platformName: windows, proxy: Proxy(), se:cdp: ws://localhost:63929/devtoo..., se:cdpVersion: 135.0.7049.115, setWindowRect: true, strictFileInteractability: false, timeouts: {implicit: 0, pageLoad: 300000, script: 30000}, unhandledPromptBehavior: dismiss and notify, webauthn:extension:credBlob: true, webauthn:extension:largeBlob: true, webauthn:extension:minPinLength: true, webauthn:extension:prf: true, webauthn:virtualAuthenticators: true}
Session ID: 07150ae7929aeb8d66774febc3ed2a85
at org.openqa.selenium.remote.ErrorCodec.decode(ErrorCodec.java:167)
at org.openqa.selenium.remote.codec.w3c.W3CHttpResponseCodec.decode(W3CHttpResponseCodec.java:138)
at org.openqa.selenium.remote.codec.w3c.W3CHttpResponseCodec.decode(W3CHttpResponseCodec.java:50)
at org.openqa.selenium.remote.HttpCommandExecutor.execute(HttpCommandExecutor.java:215)
at org.openqa.selenium.remote.service.DriverCommandExecutor.invokeExecute(DriverCommandExecutor.java:216)
at org.openqa.selenium.remote.service.DriverCommandExecutor.execute(DriverCommandExecutor.java:174)
at org.openqa.selenium.remote.RemoteWebDriver.execute(RemoteWebDriver.java:545)
at org.openqa.selenium.remote.ElementLocation$ElementFinder$2.findElement(ElementLocation.java:165)
at org.openqa.selenium.remote.ElementLocation.findElement(ElementLocation.java:59)
at org.openqa.selenium.remote.RemoteWebDriver.findElement(RemoteWebDriver.java:368)
at org.openqa.selenium.remote.RemoteWebDriver.findElement(RemoteWebDriver.java:362)
at org.openqa.selenium.support.pagefactory.DefaultElementLocator.findElement(DefaultElementLocator.java:68)
at org.openqa.selenium.support.pagefactory.internal.LocatingElementHandler.invoke(LocatingElementHandler.java:38)
at jdk.proxy2/jdk.proxy2.$Proxy17.getText(Unknown Source)
at Pages.SignUpPage.checkValidation(SignUpPage.java:182)
at Tests.TC_005_Register_with_valid_and_Invalid_scenarios.checkSignUp(TC_005_Register_with_valid_and_Invalid_scenarios.java:23)
at java.base/java.util.ArrayList.forEach(ArrayList.java:1596)
... Removed 32 stack frames]]>
    </failure>
  </testcase> <!-- checkSignUp -->
  <testcase classname="Tests.TC_005_Register_with_valid_and_Invalid_scenarios" name="checkCaptachaEmptyError" time="6.754"/>
  <testcase classname="Tests.TC_005_Register_with_valid_and_Invalid_scenarios" name="checkCheckBoxNotCheckError" time="27.278"/>
  <testcase classname="Tests.TC_005_Register_with_valid_and_Invalid_scenarios" name="checkReset" time="27.439"/>
  <testcase classname="Tests.TC_006_Login_with_valid_and_invalid_scenarios" name="checkingLogin" time="0.514"/>
  <testcase classname="Tests.TC_006_Login_with_valid_and_invalid_scenarios" name="checkingLogin" time="0.477"/>
  <testcase classname="Tests.TC_006_Login_with_valid_and_invalid_scenarios" name="checkingLogin" time="1.184"/>
  <testcase classname="Tests.TC_006_Login_with_valid_and_invalid_scenarios" name="checkingLogin" time="0.903"/>
  <testcase classname="Tests.TC_006_Login_with_valid_and_invalid_scenarios" name="checkingLogin" time="0.994"/>
  <testcase classname="Tests.TC_006_Login_with_valid_and_invalid_scenarios" name="checkingLogin" time="0.994"/>
  <testcase classname="Tests.TC_006_Login_with_valid_and_invalid_scenarios" name="checkingLogin" time="3.528"/>
  <testcase classname="Tests.TC_007_Checking_Fields_on_Search_Hotel_page" name="CheckingSearchPageFields" time="3.74"/>
  <testcase classname="Tests.TC_015_Select_value_to_search" name="selectValueToSearchHotels" time="7.611"/>
  <testcase classname="Tests.TC_015_Select_value_to_search" name="selectValueToSearchHotels" time="4.729">
    <failure type="java.lang.AssertionError" message="expected [Check-In Date is Invalid] but found []">
      <![CDATA[java.lang.AssertionError: expected [Check-In Date is Invalid] but found []
at Pages.SelectHotelPage.SearchedValidation(SelectHotelPage.java:65)
at Tests.TC_015_Select_value_to_search.selectValueToSearchHotels(TC_015_Select_value_to_search.java:36)
at java.base/java.util.ArrayList.forEach(ArrayList.java:1596)
... Removed 35 stack frames]]>
    </failure>
  </testcase> <!-- selectValueToSearchHotels -->
  <testcase classname="Tests.TC_015_Select_value_to_search" name="selectValueToSearchHotels" time="5.148">
    <failure type="java.lang.AssertionError" message="expected [Check-Out Date is Invalid] but found []">
      <![CDATA[java.lang.AssertionError: expected [Check-Out Date is Invalid] but found []
at Pages.SelectHotelPage.SearchedValidation(SelectHotelPage.java:68)
at Tests.TC_015_Select_value_to_search.selectValueToSearchHotels(TC_015_Select_value_to_search.java:36)
at java.base/java.util.ArrayList.forEach(ArrayList.java:1596)
... Removed 35 stack frames]]>
    </failure>
  </testcase> <!-- selectValueToSearchHotels -->
  <testcase classname="Tests.TC_015_Select_value_to_search" name="selectValueToSearchHotels" time="7.669"/>
  <testcase classname="Tests.TC_015_Select_value_to_search" name="selectValueToSearchHotels" time="7.731"/>
  <testcase classname="Tests.TC_015_Select_value_to_search" name="selectValueToSearchHotels" time="8.342"/>
  <testcase classname="Tests.TC_015_Select_value_to_search" name="selectValueToSearchHotels" time="8.301"/>
  <testcase classname="Tests.TC_015_Select_value_to_search" name="selectValueToSearchHotels" time="8.254"/>
  <testcase classname="Tests.TC_015_Select_value_to_search" name="selectValueToSearchHotels" time="8.773"/>
  <testcase classname="Tests.TC_015_Select_value_to_search" name="selectValueToSearchHotels" time="8.209"/>
  <testcase classname="Tests.TC_015_Select_value_to_search" name="selectValueToSearchHotels" time="8.241"/>
  <testcase classname="Tests.TC_015_Select_value_to_search" name="selectValueToSearchHotels" time="8.183"/>
  <testcase classname="Tests.TC_015_Select_value_to_search" name="selectValueToSearchHotels" time="8.596"/>
  <testcase classname="Tests.TC_015_Select_value_to_search" name="selectValueToSearchHotels" time="8.804"/>
  <testcase classname="Tests.TC_015_Select_value_to_search" name="selectValueToSearchHotels" time="8.313"/>
  <testcase classname="Tests.TC_015_Select_value_to_search" name="selectValueToSearchHotels" time="8.488"/>
  <testcase classname="Tests.TC_015_Select_value_to_search" name="selectValueToSearchHotels" time="8.301"/>
  <testcase classname="Tests.TC_015_Select_value_to_search" name="selectValueToSearchHotels" time="8.322"/>
  <testcase classname="Tests.TC_015_Select_value_to_search" name="selectValueToSearchHotels" time="8.394"/>
  <testcase classname="Tests.TC_015_Select_value_to_search" name="selectValueToSearchHotels" time="7.912"/>
  <testcase classname="Tests.TC_015_Select_value_to_search" name="selectValueToSearchHotels" time="7.972"/>
  <testcase classname="Tests.TC_015_Select_value_to_search" name="selectValueToSearchHotels" time="7.948"/>
  <testcase classname="Tests.TC_015_Select_value_to_search" name="selectValueToSearchHotels" time="7.902"/>
  <testcase classname="Tests.TC_015_Select_value_to_search" name="selectValueToSearchHotels" time="8.363"/>
  <testcase classname="Tests.TC_015_Select_value_to_search" name="selectValueToSearchHotels" time="8.569"/>
  <testcase classname="Tests.TC_015_Select_value_to_search" name="selectValueToSearchHotels" time="8.149"/>
  <testcase classname="Tests.TC_015_Select_value_to_search" name="selectValueToSearchHotels" time="7.947"/>
  <testcase classname="Tests.TC_015_Select_value_to_search" name="selectValueToSearchHotels" time="8.004"/>
  <testcase classname="Tests.TC_015_Select_value_to_search" name="selectValueToSearchHotels" time="7.849"/>
  <testcase classname="Tests.TC_015_Select_value_to_search" name="selectValueToSearchHotels" time="9.423"/>
  <testcase classname="Tests.TC_015_Select_value_to_search" name="selectValueToSearchHotels" time="7.87"/>
  <testcase classname="Tests.TC_015_Select_value_to_search" name="selectValueToSearchHotels" time="8.382"/>
  <testcase classname="Tests.TC_015_Select_value_to_search" name="selectValueToSearchHotels" time="7.942"/>
  <testcase classname="Tests.TC_015_Select_value_to_search" name="selectValueToSearchHotels" time="7.938"/>
  <testcase classname="Tests.TC_015_Select_value_to_search" name="selectValueToSearchHotels" time="7.931"/>
  <testcase classname="Tests.TC_015_Select_value_to_search" name="selectValueToSearchHotels" time="7.878"/>
  <testcase classname="Tests.TC_015_Select_value_to_search" name="selectValueToSearchHotels" time="8.272"/>
  <testcase classname="Tests.TC_015_Select_value_to_search" name="selectValueToSearchHotels" time="7.942"/>
  <testcase classname="Tests.TC_015_Select_value_to_search" name="selectValueToSearchHotels" time="8.668"/>
  <testcase classname="Tests.TC_015_Select_value_to_search" name="selectValueToSearchHotels" time="7.827"/>
  <testcase classname="Tests.TC_015_Select_value_to_search" name="selectValueToSearchHotels" time="8.015"/>
  <testcase classname="Tests.TC_015_Select_value_to_search" name="selectValueToSearchHotels" time="7.936"/>
  <testcase classname="Tests.TC_015_Select_value_to_search" name="selectValueToSearchHotels" time="7.962"/>
  <testcase classname="Tests.TC_015_Select_value_to_search" name="selectValueToSearchHotels" time="7.812"/>
  <testcase classname="Tests.TC_015_Select_value_to_search" name="selectValueToSearchHotels" time="7.929"/>
  <testcase classname="Tests.TC_015_Select_value_to_search" name="selectValueToSearchHotels" time="7.809"/>
  <testcase classname="Tests.TC_015_Select_value_to_search" name="selectValueToSearchHotels" time="9.348"/>
  <testcase classname="Tests.TC_015_Select_value_to_search" name="selectValueToSearchHotels" time="7.93"/>
  <testcase classname="Tests.TC_015_Select_value_to_search" name="selectValueToSearchHotels" time="7.934"/>
  <testcase classname="Tests.TC_015_Select_value_to_search" name="selectValueToSearchHotels" time="8.266"/>
  <testcase classname="Tests.TC_015_Select_value_to_search" name="selectValueToSearchHotels" time="7.937"/>
  <testcase classname="Tests.TC_015_Select_value_to_search" name="selectValueToSearchHotels" time="7.931"/>
  <testcase classname="Tests.TC_015_Select_value_to_search" name="selectValueToSearchHotels" time="7.929"/>
  <testcase classname="Tests.TC_015_Select_value_to_search" name="selectValueToSearchHotels" time="7.939"/>
  <testcase classname="Tests.TC_015_Select_value_to_search" name="selectValueToSearchHotels" time="7.913"/>
  <testcase classname="Tests.TC_015_Select_value_to_search" name="selectValueToSearchHotels" time="8.254"/>
  <testcase classname="Tests.TC_015_Select_value_to_search" name="selectValueToSearchHotels" time="7.971"/>
  <testcase classname="Tests.TC_015_Select_value_to_search" name="selectValueToSearchHotels" time="8.294"/>
  <testcase classname="Tests.TC_015_Select_value_to_search" name="selectValueToSearchHotels" time="7.957"/>
  <testcase classname="Tests.TC_015_Select_value_to_search" name="selectValueToSearchHotels" time="7.976"/>
  <testcase classname="Tests.TC_015_Select_value_to_search" name="selectValueToSearchHotels" time="7.926"/>
  <testcase classname="Tests.TC_015_Select_value_to_search" name="selectValueToSearchHotels" time="8.083"/>
  <testcase classname="Tests.TC_015_Select_value_to_search" name="selectValueToSearchHotels" time="7.911"/>
  <testcase classname="Tests.TC_015_Select_value_to_search" name="selectValueToSearchHotels" time="7.996"/>
  <testcase classname="Tests.TC_015_Select_value_to_search" name="selectValueToSearchHotels" time="7.882"/>
  <testcase classname="Tests.TC_015_Select_value_to_search" name="selectValueToSearchHotels" time="7.854"/>
  <testcase classname="Tests.TC_015_Select_value_to_search" name="selectValueToSearchHotels" time="8.004"/>
  <testcase classname="Tests.TC_015_Select_value_to_search" name="selectValueToSearchHotels" time="7.915"/>
  <testcase classname="Tests.TC_015_Select_value_to_search" name="selectValueToSearchHotels" time="7.921"/>
  <testcase classname="Tests.TC_015_Select_value_to_search" name="selectValueToSearchHotels" time="7.879"/>
  <testcase classname="Tests.TC_015_Select_value_to_search" name="selectValueToSearchHotels" time="7.992"/>
  <testcase classname="Tests.TC_015_Select_value_to_search" name="selectValueToSearchHotels" time="7.897"/>
  <testcase classname="Tests.TC_015_Select_value_to_search" name="selectValueToSearchHotels" time="7.947"/>
  <testcase classname="Tests.TC_015_Select_value_to_search" name="selectValueToSearchHotels" time="7.86"/>
  <testcase classname="Tests.TC_015_Select_value_to_search" name="selectValueToSearchHotels" time="7.896"/>
  <testcase classname="Tests.TC_015_Select_value_to_search" name="selectValueToSearchHotels" time="7.861"/>
  <testcase classname="Tests.TC_015_Select_value_to_search" name="selectValueToSearchHotels" time="7.835"/>
  <testcase classname="Tests.TC_015_Select_value_to_search" name="selectValueToSearchHotels" time="7.974"/>
  <testcase classname="Tests.TC_015_Select_value_to_search" name="selectValueToSearchHotels" time="8.102"/>
  <testcase classname="Tests.TC_015_Select_value_to_search" name="selectValueToSearchHotels" time="7.865"/>
  <testcase classname="Tests.TC_015_Select_value_to_search" name="selectValueToSearchHotels" time="7.935"/>
  <testcase classname="Tests.TC_015_Select_value_to_search" name="selectValueToSearchHotels" time="7.942"/>
  <testcase classname="Tests.TC_015_Select_value_to_search" name="selectValueToSearchHotels" time="7.942"/>
  <testcase classname="Tests.TC_015_Select_value_to_search" name="selectValueToSearchHotels" time="8.239"/>
  <testcase classname="Tests.TC_015_Select_value_to_search" name="selectValueToSearchHotels" time="8.65"/>
  <testcase classname="Tests.TC_008_Forgot_Password_with_valid_and_Invalid_scenarios" name="checkForgotPassword" time="4.523"/>
  <testcase classname="Tests.TC_008_Forgot_Password_with_valid_and_Invalid_scenarios" name="checkForgotPassword" time="4.309"/>
  <testcase classname="Tests.TC_008_Forgot_Password_with_valid_and_Invalid_scenarios" name="checkForgotPassword" time="7.968"/>
  <testcase classname="Tests.TC_008_Forgot_Password_with_valid_and_Invalid_scenarios" name="checkForgotPassword" time="7.447"/>
  <testcase classname="Tests.TC_008_Forgot_Password_with_valid_and_Invalid_scenarios" name="checkReset" time="1.679"/>
  <testcase classname="Tests.TC_009_Select_a_Hotel" name="selectAHotelToBook" time="8.68"/>
  <testcase classname="Tests.TC_009_Select_a_Hotel" name="selectAHotelToBook" time="8.767"/>
  <testcase classname="Tests.TC_009_Select_a_Hotel" name="selectAHotelToBook" time="26.639"/>
  <testcase classname="Tests.TC_009_Select_a_Hotel" name="selectAHotelToBook" time="8.741"/>
  <testcase classname="Tests.TC_010_Select_a_Hotel_Negative_Scenario" name="selectAHotelToBook" time="8.203"/>
  <testcase classname="Tests.TC_011_Book_A_Hotel" name="BookingAHotel" time="4.656"/>
  <testcase classname="Tests.TC_011_Book_A_Hotel" name="BookingAHotel" time="4.562"/>
  <testcase classname="Tests.TC_011_Book_A_Hotel" name="BookingAHotel" time="4.647"/>
  <testcase classname="Tests.TC_011_Book_A_Hotel" name="BookingAHotel" time="4.508"/>
  <testcase classname="Tests.TC_011_Book_A_Hotel" name="BookingAHotel" time="4.403"/>
  <testcase classname="Tests.TC_011_Book_A_Hotel" name="BookingAHotel" time="4.784"/>
  <testcase classname="Tests.TC_011_Book_A_Hotel" name="BookingAHotel" time="4.596"/>
  <testcase classname="Tests.TC_011_Book_A_Hotel" name="BookingAHotel" time="4.61"/>
  <testcase classname="Tests.TC_011_Book_A_Hotel" name="BookingAHotel" time="11.06"/>
  <testcase classname="Tests.TC_011_Book_A_Hotel" name="BookingAHotel" time="9.956"/>
  <testcase classname="Tests.TC_011_Book_A_Hotel" name="BookingAHotel" time="12.834"/>
  <testcase classname="Tests.TC_011_Book_A_Hotel" name="BookingAHotel" time="10.721"/>
  <testcase classname="Tests.TC_012_Chnage_Password" name="changePassword" time="33.057">
    <failure type="org.openqa.selenium.NoSuchElementException" message="no such element: Unable to locate element: {&amp;quot;method&amp;quot;:&amp;quot;xpath&amp;quot;,&amp;quot;selector&amp;quot;:&amp;quot;//td[contains(text(),&amp;apos;You have successfully&amp;apos;)]&amp;quot;}
  (Session info: chrome=135.0.7049.115)
For documentation on this error, please visit: https://www.selenium.dev/documentation/webdriver/troubleshooting/errors#no-such-element-exception
Build info: version: &amp;apos;4.29.0&amp;apos;, revision: &amp;apos;5fc1ec94cb&amp;apos;
System info: os.name: &amp;apos;Windows 10&amp;apos;, os.arch: &amp;apos;amd64&amp;apos;, os.version: &amp;apos;10.0&amp;apos;, java.version: &amp;apos;21.0.4&amp;apos;
Driver info: org.openqa.selenium.chrome.ChromeDriver
Command: [e969cc3fb057b9abe1ccf976c1a2a165, findElement {using=xpath, value=//td[contains(text(),&amp;apos;You have successfully&amp;apos;)]}]
Capabilities {acceptInsecureCerts: false, browserName: chrome, browserVersion: 135.0.7049.115, chrome: {chromedriverVersion: 135.0.7049.114 (63fd8a7d9d0..., userDataDir: C:\Users\cmurugan\AppData\L...}, fedcm:accounts: true, goog:chromeOptions: {debuggerAddress: localhost:52928}, networkConnectionEnabled: false, pageLoadStrategy: normal, platformName: windows, proxy: Proxy(), se:cdp: ws://localhost:52928/devtoo..., se:cdpVersion: 135.0.7049.115, setWindowRect: true, strictFileInteractability: false, timeouts: {implicit: 0, pageLoad: 300000, script: 30000}, unhandledPromptBehavior: dismiss and notify, webauthn:extension:credBlob: true, webauthn:extension:largeBlob: true, webauthn:extension:minPinLength: true, webauthn:extension:prf: true, webauthn:virtualAuthenticators: true}
Session ID: e969cc3fb057b9abe1ccf976c1a2a165">
      <![CDATA[org.openqa.selenium.NoSuchElementException: no such element: Unable to locate element: {"method":"xpath","selector":"//td[contains(text(),'You have successfully')]"}
  (Session info: chrome=135.0.7049.115)
For documentation on this error, please visit: https://www.selenium.dev/documentation/webdriver/troubleshooting/errors#no-such-element-exception
Build info: version: '4.29.0', revision: '5fc1ec94cb'
System info: os.name: 'Windows 10', os.arch: 'amd64', os.version: '10.0', java.version: '21.0.4'
Driver info: org.openqa.selenium.chrome.ChromeDriver
Command: [e969cc3fb057b9abe1ccf976c1a2a165, findElement {using=xpath, value=//td[contains(text(),'You have successfully')]}]
Capabilities {acceptInsecureCerts: false, browserName: chrome, browserVersion: 135.0.7049.115, chrome: {chromedriverVersion: 135.0.7049.114 (63fd8a7d9d0..., userDataDir: C:\Users\cmurugan\AppData\L...}, fedcm:accounts: true, goog:chromeOptions: {debuggerAddress: localhost:52928}, networkConnectionEnabled: false, pageLoadStrategy: normal, platformName: windows, proxy: Proxy(), se:cdp: ws://localhost:52928/devtoo..., se:cdpVersion: 135.0.7049.115, setWindowRect: true, strictFileInteractability: false, timeouts: {implicit: 0, pageLoad: 300000, script: 30000}, unhandledPromptBehavior: dismiss and notify, webauthn:extension:credBlob: true, webauthn:extension:largeBlob: true, webauthn:extension:minPinLength: true, webauthn:extension:prf: true, webauthn:virtualAuthenticators: true}
Session ID: e969cc3fb057b9abe1ccf976c1a2a165
at org.openqa.selenium.remote.ErrorCodec.decode(ErrorCodec.java:167)
at org.openqa.selenium.remote.codec.w3c.W3CHttpResponseCodec.decode(W3CHttpResponseCodec.java:138)
at org.openqa.selenium.remote.codec.w3c.W3CHttpResponseCodec.decode(W3CHttpResponseCodec.java:50)
at org.openqa.selenium.remote.HttpCommandExecutor.execute(HttpCommandExecutor.java:215)
at org.openqa.selenium.remote.service.DriverCommandExecutor.invokeExecute(DriverCommandExecutor.java:216)
at org.openqa.selenium.remote.service.DriverCommandExecutor.execute(DriverCommandExecutor.java:174)
at org.openqa.selenium.remote.RemoteWebDriver.execute(RemoteWebDriver.java:545)
at org.openqa.selenium.remote.ElementLocation$ElementFinder$2.findElement(ElementLocation.java:165)
at org.openqa.selenium.remote.ElementLocation.findElement(ElementLocation.java:59)
at org.openqa.selenium.remote.RemoteWebDriver.findElement(RemoteWebDriver.java:368)
at org.openqa.selenium.remote.RemoteWebDriver.findElement(RemoteWebDriver.java:362)
at org.openqa.selenium.support.pagefactory.DefaultElementLocator.findElement(DefaultElementLocator.java:68)
at org.openqa.selenium.support.pagefactory.internal.LocatingElementHandler.invoke(LocatingElementHandler.java:38)
at jdk.proxy2/jdk.proxy2.$Proxy17.getText(Unknown Source)
at Pages.LogoutPage.checkLogoutMessage(LogoutPage.java:25)
at Tests.TC_012_Chnage_Password.changePassword(TC_012_Chnage_Password.java:29)
at java.base/java.util.ArrayList.forEach(ArrayList.java:1596)
... Removed 32 stack frames]]>
    </failure>
  </testcase> <!-- changePassword -->
  <testcase classname="Tests.TC_012_Chnage_Password" name="changePassword" time="3.002">
    <failure type="java.lang.AssertionError" message="expected [Please enter correct New password!!!] but found []">
      <![CDATA[java.lang.AssertionError: expected [Please enter correct New password!!!] but found []
at Pages.ChangePasswordPage.checkValidation(ChangePasswordPage.java:76)
at Tests.TC_012_Chnage_Password.changePassword(TC_012_Chnage_Password.java:27)
at java.base/java.util.ArrayList.forEach(ArrayList.java:1596)
... Removed 35 stack frames]]>
    </failure>
  </testcase> <!-- changePassword -->
  <testcase classname="Tests.TC_012_Chnage_Password" name="changePassword" time="5.053">
    <failure type="org.openqa.selenium.StaleElementReferenceException" message="stale element reference: stale element not found
  (Session info: chrome=135.0.7049.115)
For documentation on this error, please visit: https://www.selenium.dev/documentation/webdriver/troubleshooting/errors#stale-element-reference-exception
Build info: version: &amp;apos;4.29.0&amp;apos;, revision: &amp;apos;5fc1ec94cb&amp;apos;
System info: os.name: &amp;apos;Windows 10&amp;apos;, os.arch: &amp;apos;amd64&amp;apos;, os.version: &amp;apos;10.0&amp;apos;, java.version: &amp;apos;21.0.4&amp;apos;
Driver info: org.openqa.selenium.chrome.ChromeDriver
Command: [dfd87164b382b5ab60216728d2181820, getElementText {id=f.EC683B79CEFDF21395B3F87F00F4AC7B.d.9E983A69F2763D2DCFA18D78D9E8064F.e.671}]
Capabilities {acceptInsecureCerts: false, browserName: chrome, browserVersion: 135.0.7049.115, chrome: {chromedriverVersion: 135.0.7049.114 (63fd8a7d9d0..., userDataDir: C:\Users\cmurugan\AppData\L...}, fedcm:accounts: true, goog:chromeOptions: {debuggerAddress: localhost:53020}, networkConnectionEnabled: false, pageLoadStrategy: normal, platformName: windows, proxy: Proxy(), se:cdp: ws://localhost:53020/devtoo..., se:cdpVersion: 135.0.7049.115, setWindowRect: true, strictFileInteractability: false, timeouts: {implicit: 0, pageLoad: 300000, script: 30000}, unhandledPromptBehavior: dismiss and notify, webauthn:extension:credBlob: true, webauthn:extension:largeBlob: true, webauthn:extension:minPinLength: true, webauthn:extension:prf: true, webauthn:virtualAuthenticators: true}
Element: [[ChromeDriver: chrome on windows (dfd87164b382b5ab60216728d2181820)] -&amp;gt; id: re_pass_span]
Session ID: dfd87164b382b5ab60216728d2181820">
      <![CDATA[org.openqa.selenium.StaleElementReferenceException: stale element reference: stale element not found
  (Session info: chrome=135.0.7049.115)
For documentation on this error, please visit: https://www.selenium.dev/documentation/webdriver/troubleshooting/errors#stale-element-reference-exception
Build info: version: '4.29.0', revision: '5fc1ec94cb'
System info: os.name: 'Windows 10', os.arch: 'amd64', os.version: '10.0', java.version: '21.0.4'
Driver info: org.openqa.selenium.chrome.ChromeDriver
Command: [dfd87164b382b5ab60216728d2181820, getElementText {id=f.EC683B79CEFDF21395B3F87F00F4AC7B.d.9E983A69F2763D2DCFA18D78D9E8064F.e.671}]
Capabilities {acceptInsecureCerts: false, browserName: chrome, browserVersion: 135.0.7049.115, chrome: {chromedriverVersion: 135.0.7049.114 (63fd8a7d9d0..., userDataDir: C:\Users\cmurugan\AppData\L...}, fedcm:accounts: true, goog:chromeOptions: {debuggerAddress: localhost:53020}, networkConnectionEnabled: false, pageLoadStrategy: normal, platformName: windows, proxy: Proxy(), se:cdp: ws://localhost:53020/devtoo..., se:cdpVersion: 135.0.7049.115, setWindowRect: true, strictFileInteractability: false, timeouts: {implicit: 0, pageLoad: 300000, script: 30000}, unhandledPromptBehavior: dismiss and notify, webauthn:extension:credBlob: true, webauthn:extension:largeBlob: true, webauthn:extension:minPinLength: true, webauthn:extension:prf: true, webauthn:virtualAuthenticators: true}
Element: [[ChromeDriver: chrome on windows (dfd87164b382b5ab60216728d2181820)] -> id: re_pass_span]
Session ID: dfd87164b382b5ab60216728d2181820
at org.openqa.selenium.remote.ErrorCodec.decode(ErrorCodec.java:167)
at org.openqa.selenium.remote.codec.w3c.W3CHttpResponseCodec.decode(W3CHttpResponseCodec.java:138)
at org.openqa.selenium.remote.codec.w3c.W3CHttpResponseCodec.decode(W3CHttpResponseCodec.java:50)
at org.openqa.selenium.remote.HttpCommandExecutor.execute(HttpCommandExecutor.java:215)
at org.openqa.selenium.remote.service.DriverCommandExecutor.invokeExecute(DriverCommandExecutor.java:216)
at org.openqa.selenium.remote.service.DriverCommandExecutor.execute(DriverCommandExecutor.java:174)
at org.openqa.selenium.remote.RemoteWebDriver.execute(RemoteWebDriver.java:545)
at org.openqa.selenium.remote.RemoteWebElement.execute(RemoteWebElement.java:223)
at org.openqa.selenium.remote.RemoteWebElement.getText(RemoteWebElement.java:191)
at org.openqa.selenium.support.pagefactory.internal.LocatingElementHandler.invoke(LocatingElementHandler.java:51)
at jdk.proxy2/jdk.proxy2.$Proxy17.getText(Unknown Source)
at Pages.ChangePasswordPage.checkValidation(ChangePasswordPage.java:78)
at Tests.TC_012_Chnage_Password.changePassword(TC_012_Chnage_Password.java:27)
at java.base/java.util.ArrayList.forEach(ArrayList.java:1596)
... Removed 34 stack frames]]>
    </failure>
  </testcase> <!-- changePassword -->
  <testcase classname="Tests.TC_012_Chnage_Password" name="changePassword" time="8.437"/>
  <testcase classname="Tests.TC_013_Cancel_Book_iternary" name="checkCancelBookItineraryByCancelButton" time="45.749"/>
  <testcase classname="Tests.TC_013_Cancel_Book_iternary" name="checkCancelBookItineraryBySingleCheck" time="29.846"/>
  <testcase classname="Tests.TC_013_Cancel_Book_iternary" name="checkCancelBookItineraryByAllCheck" time="43.287"/>
  <testcase classname="Tests.TC_014_Logout_from_page" name="Logout" time="6.734"/>
  <testcase classname="Base.AdactinHotel" name="@BeforeSuite reportInitialization" time="0.0">
    <ignored/>
  </testcase> <!-- @BeforeSuite reportInitialization -->
  <testcase classname="Base.AdactinHotel" name="@BeforeSuite reportInitialization" time="0.0">
    <ignored/>
  </testcase> <!-- @BeforeSuite reportInitialization -->
  <testcase classname="Base.AdactinHotel" name="@BeforeSuite reportInitialization" time="0.0">
    <ignored/>
  </testcase> <!-- @BeforeSuite reportInitialization -->
  <testcase classname="Base.AdactinHotel" name="@AfterSuite closeReport" time="0.0">
    <ignored/>
  </testcase> <!-- @AfterSuite closeReport -->
  <testcase classname="Base.AdactinHotel" name="@BeforeSuite reportInitialization" time="0.0">
    <ignored/>
  </testcase> <!-- @BeforeSuite reportInitialization -->
  <testcase classname="Base.AdactinHotel" name="@AfterSuite closeReport" time="0.0">
    <ignored/>
  </testcase> <!-- @AfterSuite closeReport -->
  <testcase classname="Base.AdactinHotel" name="@AfterSuite closeReport" time="0.0">
    <ignored/>
  </testcase> <!-- @AfterSuite closeReport -->
  <testcase classname="Base.AdactinHotel" name="@BeforeSuite reportInitialization" time="0.0">
    <ignored/>
  </testcase> <!-- @BeforeSuite reportInitialization -->
  <testcase classname="Base.AdactinHotel" name="@BeforeSuite reportInitialization" time="0.0">
    <ignored/>
  </testcase> <!-- @BeforeSuite reportInitialization -->
  <testcase classname="Base.AdactinHotel" name="@AfterSuite closeReport" time="0.0">
    <ignored/>
  </testcase> <!-- @AfterSuite closeReport -->
  <testcase classname="Base.AdactinHotel" name="@AfterSuite closeReport" time="0.0">
    <ignored/>
  </testcase> <!-- @AfterSuite closeReport -->
  <testcase classname="Base.AdactinHotel" name="@AfterSuite closeReport" time="0.0">
    <ignored/>
  </testcase> <!-- @AfterSuite closeReport -->
  <testcase classname="Base.AdactinHotel" name="@BeforeSuite reportInitialization" time="0.0">
    <ignored/>
  </testcase> <!-- @BeforeSuite reportInitialization -->
  <testcase classname="Base.AdactinHotel" name="@AfterSuite closeReport" time="0.0">
    <ignored/>
  </testcase> <!-- @AfterSuite closeReport -->
  <testcase classname="Base.AdactinHotel" name="@BeforeSuite reportInitialization" time="0.0">
    <ignored/>
  </testcase> <!-- @BeforeSuite reportInitialization -->
  <testcase classname="Base.AdactinHotel" name="@AfterSuite closeReport" time="0.0">
    <ignored/>
  </testcase> <!-- @AfterSuite closeReport -->
  <testcase classname="Base.AdactinHotel" name="@AfterSuite closeReport" time="0.0">
    <ignored/>
  </testcase> <!-- @AfterSuite closeReport -->
  <testcase classname="Base.AdactinHotel" name="@AfterSuite closeReport" time="0.0">
    <ignored/>
  </testcase> <!-- @AfterSuite closeReport -->
  <testcase classname="Base.AdactinHotel" name="@AfterSuite closeReport" time="0.0">
    <ignored/>
  </testcase> <!-- @AfterSuite closeReport -->
  <testcase classname="Base.AdactinHotel" name="@AfterSuite closeReport" time="0.0">
    <ignored/>
  </testcase> <!-- @AfterSuite closeReport -->
  <testcase classname="Base.AdactinHotel" name="@BeforeSuite reportInitialization" time="0.0">
    <ignored/>
  </testcase> <!-- @BeforeSuite reportInitialization -->
  <testcase classname="Base.AdactinHotel" name="@BeforeSuite reportInitialization" time="0.0">
    <ignored/>
  </testcase> <!-- @BeforeSuite reportInitialization -->
  <testcase classname="Base.AdactinHotel" name="@AfterSuite closeReport" time="0.0">
    <ignored/>
  </testcase> <!-- @AfterSuite closeReport -->
  <testcase classname="Base.AdactinHotel" name="@BeforeSuite reportInitialization" time="0.0">
    <ignored/>
  </testcase> <!-- @BeforeSuite reportInitialization -->
  <testcase classname="Base.AdactinHotel" name="@BeforeSuite reportInitialization" time="0.0">
    <ignored/>
  </testcase> <!-- @BeforeSuite reportInitialization -->
  <testcase classname="Base.AdactinHotel" name="@BeforeSuite reportInitialization" time="0.0">
    <ignored/>
  </testcase> <!-- @BeforeSuite reportInitialization -->
  <testcase classname="Base.AdactinHotel" name="@BeforeSuite reportInitialization" time="0.0">
    <ignored/>
  </testcase> <!-- @BeforeSuite reportInitialization -->
  <testcase classname="Base.AdactinHotel" name="@AfterSuite closeReport" time="0.0">
    <ignored/>
  </testcase> <!-- @AfterSuite closeReport -->
</testsuite> <!-- ChromeTest -->
