<?xml version="1.0" encoding="UTF-8"?>
<testng-results ignored="0" total="2" passed="2" failed="0" skipped="0">
  <reporter-output>
  </reporter-output>
  <suite started-at="2025-05-01T08:07:31 IST" name="Suite" finished-at="2025-05-01T08:07:55 IST" duration-ms="24056">
    <groups>
    </groups>
    <test started-at="2025-05-01T08:07:31 IST" name="ChromeTest" finished-at="2025-05-01T08:07:42 IST" duration-ms="11137">
      <class name="Tests.TC_014_Logout_from_page">
        <test-method is-config="true" signature="setUp()[pri:0, instance:Tests.TC_014_Logout_from_page@8462f31]" started-at="2025-05-01T08:07:31 IST" name="setUp" finished-at="2025-05-01T08:07:31 IST" duration-ms="1" status="PASS">
          <reporter-output>
          </reporter-output>
        </test-method> <!-- setUp -->
        <test-method is-config="true" signature="testDetails()[pri:0, instance:Tests.TC_014_Logout_from_page@8462f31]" started-at="2025-05-01T08:07:31 IST" name="testDetails" finished-at="2025-05-01T08:07:31 IST" duration-ms="9" status="PASS">
          <reporter-output>
          </reporter-output>
        </test-method> <!-- testDetails -->
        <test-method is-config="true" signature="launchingAndLoadingBrowser(java.lang.String,java.lang.String)[pri:0, instance:Tests.TC_014_Logout_from_page@8462f31]" started-at="2025-05-01T08:07:32 IST" name="launchingAndLoadingBrowser" finished-at="2025-05-01T08:07:36 IST" duration-ms="4574" status="PASS">
          <params>
            <param index="0">
              <value>
                <![CDATA[chrome]]>
              </value>
            </param>
            <param index="1">
              <value>
                <![CDATA[https://adactinhotelapp.com/index.php]]>
              </value>
            </param>
          </params>
          <reporter-output>
          </reporter-output>
        </test-method> <!-- launchingAndLoadingBrowser -->
        <test-method signature="Logout(java.lang.String,java.lang.String)[pri:0, instance:Tests.TC_014_Logout_from_page@8462f31]" started-at="2025-05-01T08:07:36 IST" name="Logout" data-provider="readData" finished-at="2025-05-01T08:07:42 IST" duration-ms="5341" status="PASS">
          <params>
            <param index="0">
              <value>
                <![CDATA[chakka312]]>
              </value>
            </param>
            <param index="1">
              <value>
                <![CDATA[161298]]>
              </value>
            </param>
          </params>
          <reporter-output>
          </reporter-output>
        </test-method> <!-- Logout -->
        <test-method is-config="true" signature="ClosingBrowser()[pri:0, instance:Tests.TC_014_Logout_from_page@8462f31]" started-at="2025-05-01T08:07:42 IST" name="ClosingBrowser" finished-at="2025-05-01T08:07:42 IST" duration-ms="287" status="PASS">
          <reporter-output>
          </reporter-output>
        </test-method> <!-- ClosingBrowser -->
      </class> <!-- Tests.TC_014_Logout_from_page -->
    </test> <!-- ChromeTest -->
    <test started-at="2025-05-01T08:07:42 IST" name="EdgeTest" finished-at="2025-05-01T08:07:55 IST" duration-ms="12876">
      <class name="Tests.TC_014_Logout_from_page">
        <test-method is-config="true" signature="reportInitialization()[pri:0, instance:Tests.TC_014_Logout_from_page@6f01b95f]" started-at="2025-05-01T08:07:31 IST" name="reportInitialization" finished-at="2025-05-01T08:07:31 IST" duration-ms="224" status="PASS">
          <reporter-output>
          </reporter-output>
        </test-method> <!-- reportInitialization -->
        <test-method is-config="true" signature="setUp()[pri:0, instance:Tests.TC_014_Logout_from_page@6f01b95f]" started-at="2025-05-01T08:07:42 IST" name="setUp" finished-at="2025-05-01T08:07:42 IST" duration-ms="1" status="PASS">
          <reporter-output>
          </reporter-output>
        </test-method> <!-- setUp -->
        <test-method is-config="true" signature="testDetails()[pri:0, instance:Tests.TC_014_Logout_from_page@6f01b95f]" started-at="2025-05-01T08:07:42 IST" name="testDetails" finished-at="2025-05-01T08:07:42 IST" duration-ms="1" status="PASS">
          <reporter-output>
          </reporter-output>
        </test-method> <!-- testDetails -->
        <test-method is-config="true" signature="launchingAndLoadingBrowser(java.lang.String,java.lang.String)[pri:0, instance:Tests.TC_014_Logout_from_page@6f01b95f]" started-at="2025-05-01T08:07:42 IST" name="launchingAndLoadingBrowser" finished-at="2025-05-01T08:07:48 IST" duration-ms="5470" status="PASS">
          <params>
            <param index="0">
              <value>
                <![CDATA[edge]]>
              </value>
            </param>
            <param index="1">
              <value>
                <![CDATA[https://adactinhotelapp.com/index.php]]>
              </value>
            </param>
          </params>
          <reporter-output>
          </reporter-output>
        </test-method> <!-- launchingAndLoadingBrowser -->
        <test-method signature="Logout(java.lang.String,java.lang.String)[pri:0, instance:Tests.TC_014_Logout_from_page@6f01b95f]" started-at="2025-05-01T08:07:48 IST" name="Logout" data-provider="readData" finished-at="2025-05-01T08:07:55 IST" duration-ms="7085" status="PASS">
          <params>
            <param index="0">
              <value>
                <![CDATA[chakka312]]>
              </value>
            </param>
            <param index="1">
              <value>
                <![CDATA[161298]]>
              </value>
            </param>
          </params>
          <reporter-output>
          </reporter-output>
        </test-method> <!-- Logout -->
        <test-method is-config="true" signature="ClosingBrowser()[pri:0, instance:Tests.TC_014_Logout_from_page@6f01b95f]" started-at="2025-05-01T08:07:55 IST" name="ClosingBrowser" finished-at="2025-05-01T08:07:55 IST" duration-ms="186" status="PASS">
          <reporter-output>
          </reporter-output>
        </test-method> <!-- ClosingBrowser -->
        <test-method is-config="true" signature="closeReport()[pri:0, instance:Tests.TC_014_Logout_from_page@6f01b95f]" started-at="2025-05-01T08:07:55 IST" name="closeReport" finished-at="2025-05-01T08:07:55 IST" duration-ms="305" status="PASS">
          <reporter-output>
          </reporter-output>
        </test-method> <!-- closeReport -->
      </class> <!-- Tests.TC_014_Logout_from_page -->
    </test> <!-- EdgeTest -->
  </suite> <!-- Suite -->
</testng-results>
