<?xml version="1.0" encoding="UTF-8"?>
<testng-results ignored="0" total="144" passed="138" failed="6" skipped="0">
  <reporter-output>
  </reporter-output>
  <suite started-at="2025-05-01T10:06:49 IST" name="Suite" finished-at="2025-05-01T10:41:21 IST" duration-ms="2071141">
    <groups>
    </groups>
    <test started-at="2025-05-01T10:06:49 IST" name="ChromeTest" finished-at="2025-05-01T10:41:21 IST" duration-ms="2071141">
      <class name="Tests.TC_013_Cancel_Book_iternary">
        <test-method is-config="true" signature="setUp()[pri:0, instance:Tests.TC_013_Cancel_Book_iternary@1a4927d6]" started-at="2025-05-01T10:06:49 IST" name="setUp" finished-at="2025-05-01T10:06:49 IST" duration-ms="0" status="PASS">
          <reporter-output>
          </reporter-output>
        </test-method> <!-- setUp -->
        <test-method is-config="true" signature="testDetails()[pri:0, instance:Tests.TC_013_Cancel_Book_iternary@1a4927d6]" started-at="2025-05-01T10:38:47 IST" name="testDetails" finished-at="2025-05-01T10:38:47 IST" duration-ms="0" status="PASS">
          <reporter-output>
          </reporter-output>
        </test-method> <!-- testDetails -->
        <test-method is-config="true" signature="launchingAndLoadingBrowser(java.lang.String,java.lang.String)[pri:0, instance:Tests.TC_013_Cancel_Book_iternary@1a4927d6]" started-at="2025-05-01T10:38:47 IST" name="launchingAndLoadingBrowser" finished-at="2025-05-01T10:38:50 IST" duration-ms="3658" status="PASS">
          <params>
            <param index="0">
              <value>
                <![CDATA[chrome]]>
              </value>
            </param>
            <param index="1">
              <value>
                <![CDATA[https://adactinhotelapp.com/index.php]]>
              </value>
            </param>
          </params>
          <reporter-output>
          </reporter-output>
        </test-method> <!-- launchingAndLoadingBrowser -->
        <test-method signature="checkCancelBookItineraryByCancelButton(java.lang.String,java.lang.String)[pri:1, instance:Tests.TC_013_Cancel_Book_iternary@1a4927d6]" started-at="2025-05-01T10:38:50 IST" name="checkCancelBookItineraryByCancelButton" data-provider="readData" finished-at="2025-05-01T10:39:30 IST" duration-ms="39237" status="PASS">
          <params>
            <param index="0">
              <value>
                <![CDATA[chakka312]]>
              </value>
            </param>
            <param index="1">
              <value>
                <![CDATA[161298]]>
              </value>
            </param>
          </params>
          <reporter-output>
          </reporter-output>
        </test-method> <!-- checkCancelBookItineraryByCancelButton -->
        <test-method is-config="true" signature="ClosingBrowser()[pri:0, instance:Tests.TC_013_Cancel_Book_iternary@1a4927d6]" started-at="2025-05-01T10:39:30 IST" name="ClosingBrowser" finished-at="2025-05-01T10:39:30 IST" duration-ms="150" status="PASS">
          <reporter-output>
          </reporter-output>
        </test-method> <!-- ClosingBrowser -->
        <test-method is-config="true" signature="launchingAndLoadingBrowser(java.lang.String,java.lang.String)[pri:0, instance:Tests.TC_013_Cancel_Book_iternary@1a4927d6]" started-at="2025-05-01T10:39:30 IST" name="launchingAndLoadingBrowser" finished-at="2025-05-01T10:39:33 IST" duration-ms="3201" status="PASS">
          <params>
            <param index="0">
              <value>
                <![CDATA[chrome]]>
              </value>
            </param>
            <param index="1">
              <value>
                <![CDATA[https://adactinhotelapp.com/index.php]]>
              </value>
            </param>
          </params>
          <reporter-output>
          </reporter-output>
        </test-method> <!-- launchingAndLoadingBrowser -->
        <test-method signature="checkCancelBookItineraryBySingleCheck(java.lang.String,java.lang.String)[pri:2, instance:Tests.TC_013_Cancel_Book_iternary@1a4927d6]" started-at="2025-05-01T10:39:33 IST" name="checkCancelBookItineraryBySingleCheck" data-provider="readData" finished-at="2025-05-01T10:40:21 IST" duration-ms="48357" status="PASS">
          <params>
            <param index="0">
              <value>
                <![CDATA[chakka312]]>
              </value>
            </param>
            <param index="1">
              <value>
                <![CDATA[161298]]>
              </value>
            </param>
          </params>
          <reporter-output>
          </reporter-output>
        </test-method> <!-- checkCancelBookItineraryBySingleCheck -->
        <test-method is-config="true" signature="ClosingBrowser()[pri:0, instance:Tests.TC_013_Cancel_Book_iternary@1a4927d6]" started-at="2025-05-01T10:40:21 IST" name="ClosingBrowser" finished-at="2025-05-01T10:40:21 IST" duration-ms="117" status="PASS">
          <reporter-output>
          </reporter-output>
        </test-method> <!-- ClosingBrowser -->
        <test-method is-config="true" signature="launchingAndLoadingBrowser(java.lang.String,java.lang.String)[pri:0, instance:Tests.TC_013_Cancel_Book_iternary@1a4927d6]" started-at="2025-05-01T10:40:22 IST" name="launchingAndLoadingBrowser" finished-at="2025-05-01T10:40:25 IST" duration-ms="3454" status="PASS">
          <params>
            <param index="0">
              <value>
                <![CDATA[chrome]]>
              </value>
            </param>
            <param index="1">
              <value>
                <![CDATA[https://adactinhotelapp.com/index.php]]>
              </value>
            </param>
          </params>
          <reporter-output>
          </reporter-output>
        </test-method> <!-- launchingAndLoadingBrowser -->
        <test-method signature="checkCancelBookItineraryByAllCheck(java.lang.String,java.lang.String)[pri:3, instance:Tests.TC_013_Cancel_Book_iternary@1a4927d6]" started-at="2025-05-01T10:40:25 IST" name="checkCancelBookItineraryByAllCheck" data-provider="readData" finished-at="2025-05-01T10:41:12 IST" duration-ms="46654" status="PASS">
          <params>
            <param index="0">
              <value>
                <![CDATA[chakka312]]>
              </value>
            </param>
            <param index="1">
              <value>
                <![CDATA[161298]]>
              </value>
            </param>
          </params>
          <reporter-output>
          </reporter-output>
        </test-method> <!-- checkCancelBookItineraryByAllCheck -->
        <test-method is-config="true" signature="ClosingBrowser()[pri:0, instance:Tests.TC_013_Cancel_Book_iternary@1a4927d6]" started-at="2025-05-01T10:41:12 IST" name="ClosingBrowser" finished-at="2025-05-01T10:41:12 IST" duration-ms="109" status="PASS">
          <reporter-output>
          </reporter-output>
        </test-method> <!-- ClosingBrowser -->
      </class> <!-- Tests.TC_013_Cancel_Book_iternary -->
      <class name="Tests.TC_003_Checking_fields_on_Register_page_are_displayed">
        <test-method is-config="true" signature="setUp()[pri:0, instance:Tests.TC_003_Checking_fields_on_Register_page_are_displayed@4d14b6c2]" started-at="2025-05-01T10:06:49 IST" name="setUp" finished-at="2025-05-01T10:06:49 IST" duration-ms="0" status="PASS">
          <reporter-output>
          </reporter-output>
        </test-method> <!-- setUp -->
        <test-method is-config="true" signature="testDetails()[pri:0, instance:Tests.TC_003_Checking_fields_on_Register_page_are_displayed@4d14b6c2]" started-at="2025-05-01T10:07:07 IST" name="testDetails" finished-at="2025-05-01T10:07:07 IST" duration-ms="0" status="PASS">
          <reporter-output>
          </reporter-output>
        </test-method> <!-- testDetails -->
        <test-method is-config="true" signature="launchingAndLoadingBrowser(java.lang.String,java.lang.String)[pri:0, instance:Tests.TC_003_Checking_fields_on_Register_page_are_displayed@4d14b6c2]" started-at="2025-05-01T10:07:07 IST" name="launchingAndLoadingBrowser" finished-at="2025-05-01T10:07:10 IST" duration-ms="3518" status="PASS">
          <params>
            <param index="0">
              <value>
                <![CDATA[chrome]]>
              </value>
            </param>
            <param index="1">
              <value>
                <![CDATA[https://adactinhotelapp.com/index.php]]>
              </value>
            </param>
          </params>
          <reporter-output>
          </reporter-output>
        </test-method> <!-- launchingAndLoadingBrowser -->
        <test-method signature="checkingRegisterPageFieldsAreDisplayed()[pri:0, instance:Tests.TC_003_Checking_fields_on_Register_page_are_displayed@4d14b6c2]" started-at="2025-05-01T10:07:10 IST" name="checkingRegisterPageFieldsAreDisplayed" finished-at="2025-05-01T10:07:13 IST" duration-ms="2229" status="PASS">
          <reporter-output>
          </reporter-output>
        </test-method> <!-- checkingRegisterPageFieldsAreDisplayed -->
        <test-method is-config="true" signature="ClosingBrowser()[pri:0, instance:Tests.TC_003_Checking_fields_on_Register_page_are_displayed@4d14b6c2]" started-at="2025-05-01T10:07:13 IST" name="ClosingBrowser" finished-at="2025-05-01T10:07:13 IST" duration-ms="136" status="PASS">
          <reporter-output>
          </reporter-output>
        </test-method> <!-- ClosingBrowser -->
      </class> <!-- Tests.TC_003_Checking_fields_on_Register_page_are_displayed -->
      <class name="Tests.TC_006_Login_with_valid_and_invalid_scenarios">
        <test-method is-config="true" signature="setUp()[pri:0, instance:Tests.TC_006_Login_with_valid_and_invalid_scenarios@25df00a0]" started-at="2025-05-01T10:06:49 IST" name="setUp" finished-at="2025-05-01T10:06:49 IST" duration-ms="0" status="PASS">
          <reporter-output>
          </reporter-output>
        </test-method> <!-- setUp -->
        <test-method is-config="true" signature="testDetails()[pri:0, instance:Tests.TC_006_Login_with_valid_and_invalid_scenarios@25df00a0]" started-at="2025-05-01T10:16:29 IST" name="testDetails" finished-at="2025-05-01T10:16:29 IST" duration-ms="1" status="PASS">
          <reporter-output>
          </reporter-output>
        </test-method> <!-- testDetails -->
        <test-method is-config="true" signature="launchingAndLoadingBrowser(java.lang.String,java.lang.String)[pri:0, instance:Tests.TC_006_Login_with_valid_and_invalid_scenarios@25df00a0]" started-at="2025-05-01T10:16:29 IST" name="launchingAndLoadingBrowser" finished-at="2025-05-01T10:16:32 IST" duration-ms="3373" status="PASS">
          <params>
            <param index="0">
              <value>
                <![CDATA[chrome]]>
              </value>
            </param>
            <param index="1">
              <value>
                <![CDATA[https://adactinhotelapp.com/index.php]]>
              </value>
            </param>
          </params>
          <reporter-output>
          </reporter-output>
        </test-method> <!-- launchingAndLoadingBrowser -->
        <test-method signature="checkingLogin(java.lang.String,java.lang.String,java.lang.String,java.lang.String)[pri:0, instance:Tests.TC_006_Login_with_valid_and_invalid_scenarios@25df00a0]" started-at="2025-05-01T10:16:32 IST" name="checkingLogin" data-provider="readData" finished-at="2025-05-01T10:16:33 IST" duration-ms="476" status="PASS">
          <params>
            <param index="0">
              <value>
                <![CDATA[]]>
              </value>
            </param>
            <param index="1">
              <value>
                <![CDATA[Test324]]>
              </value>
            </param>
            <param index="2">
              <value>
                <![CDATA[EmptyUserName]]>
              </value>
            </param>
            <param index="3">
              <value>
                <![CDATA[Enter Username]]>
              </value>
            </param>
          </params>
          <reporter-output>
          </reporter-output>
        </test-method> <!-- checkingLogin -->
        <test-method is-config="true" signature="ClosingBrowser()[pri:0, instance:Tests.TC_006_Login_with_valid_and_invalid_scenarios@25df00a0]" started-at="2025-05-01T10:16:33 IST" name="ClosingBrowser" finished-at="2025-05-01T10:16:33 IST" duration-ms="97" status="PASS">
          <reporter-output>
          </reporter-output>
        </test-method> <!-- ClosingBrowser -->
        <test-method is-config="true" signature="launchingAndLoadingBrowser(java.lang.String,java.lang.String)[pri:0, instance:Tests.TC_006_Login_with_valid_and_invalid_scenarios@25df00a0]" started-at="2025-05-01T10:16:33 IST" name="launchingAndLoadingBrowser" finished-at="2025-05-01T10:16:36 IST" duration-ms="3079" status="PASS">
          <params>
            <param index="0">
              <value>
                <![CDATA[chrome]]>
              </value>
            </param>
            <param index="1">
              <value>
                <![CDATA[https://adactinhotelapp.com/index.php]]>
              </value>
            </param>
          </params>
          <reporter-output>
          </reporter-output>
        </test-method> <!-- launchingAndLoadingBrowser -->
        <test-method signature="checkingLogin(java.lang.String,java.lang.String,java.lang.String,java.lang.String)[pri:0, instance:Tests.TC_006_Login_with_valid_and_invalid_scenarios@25df00a0]" started-at="2025-05-01T10:16:36 IST" name="checkingLogin" data-provider="readData" finished-at="2025-05-01T10:16:37 IST" duration-ms="470" status="PASS">
          <params>
            <param index="0">
              <value>
                <![CDATA[Test232]]>
              </value>
            </param>
            <param index="1">
              <value>
                <![CDATA[]]>
              </value>
            </param>
            <param index="2">
              <value>
                <![CDATA[EmptyPassword]]>
              </value>
            </param>
            <param index="3">
              <value>
                <![CDATA[Enter Password]]>
              </value>
            </param>
          </params>
          <reporter-output>
          </reporter-output>
        </test-method> <!-- checkingLogin -->
        <test-method is-config="true" signature="ClosingBrowser()[pri:0, instance:Tests.TC_006_Login_with_valid_and_invalid_scenarios@25df00a0]" started-at="2025-05-01T10:16:37 IST" name="ClosingBrowser" finished-at="2025-05-01T10:16:37 IST" duration-ms="122" status="PASS">
          <reporter-output>
          </reporter-output>
        </test-method> <!-- ClosingBrowser -->
        <test-method is-config="true" signature="launchingAndLoadingBrowser(java.lang.String,java.lang.String)[pri:0, instance:Tests.TC_006_Login_with_valid_and_invalid_scenarios@25df00a0]" started-at="2025-05-01T10:16:37 IST" name="launchingAndLoadingBrowser" finished-at="2025-05-01T10:16:40 IST" duration-ms="2963" status="PASS">
          <params>
            <param index="0">
              <value>
                <![CDATA[chrome]]>
              </value>
            </param>
            <param index="1">
              <value>
                <![CDATA[https://adactinhotelapp.com/index.php]]>
              </value>
            </param>
          </params>
          <reporter-output>
          </reporter-output>
        </test-method> <!-- launchingAndLoadingBrowser -->
        <test-method signature="checkingLogin(java.lang.String,java.lang.String,java.lang.String,java.lang.String)[pri:0, instance:Tests.TC_006_Login_with_valid_and_invalid_scenarios@25df00a0]" started-at="2025-05-01T10:16:40 IST" name="checkingLogin" data-provider="readData" finished-at="2025-05-01T10:16:41 IST" duration-ms="937" status="PASS">
          <params>
            <param index="0">
              <value>
                <![CDATA[chakka312]]>
              </value>
            </param>
            <param index="1">
              <value>
                <![CDATA[Test324]]>
              </value>
            </param>
            <param index="2">
              <value>
                <![CDATA[InvalidPassword]]>
              </value>
            </param>
            <param index="3">
              <value>
                <![CDATA[Invalid Login details or Your Password might have expired. Click here to reset your password]]>
              </value>
            </param>
          </params>
          <reporter-output>
          </reporter-output>
        </test-method> <!-- checkingLogin -->
        <test-method is-config="true" signature="ClosingBrowser()[pri:0, instance:Tests.TC_006_Login_with_valid_and_invalid_scenarios@25df00a0]" started-at="2025-05-01T10:16:41 IST" name="ClosingBrowser" finished-at="2025-05-01T10:16:41 IST" duration-ms="114" status="PASS">
          <reporter-output>
          </reporter-output>
        </test-method> <!-- ClosingBrowser -->
        <test-method is-config="true" signature="launchingAndLoadingBrowser(java.lang.String,java.lang.String)[pri:0, instance:Tests.TC_006_Login_with_valid_and_invalid_scenarios@25df00a0]" started-at="2025-05-01T10:16:41 IST" name="launchingAndLoadingBrowser" finished-at="2025-05-01T10:16:44 IST" duration-ms="3198" status="PASS">
          <params>
            <param index="0">
              <value>
                <![CDATA[chrome]]>
              </value>
            </param>
            <param index="1">
              <value>
                <![CDATA[https://adactinhotelapp.com/index.php]]>
              </value>
            </param>
          </params>
          <reporter-output>
          </reporter-output>
        </test-method> <!-- launchingAndLoadingBrowser -->
        <test-method signature="checkingLogin(java.lang.String,java.lang.String,java.lang.String,java.lang.String)[pri:0, instance:Tests.TC_006_Login_with_valid_and_invalid_scenarios@25df00a0]" started-at="2025-05-01T10:16:44 IST" name="checkingLogin" data-provider="readData" finished-at="2025-05-01T10:16:45 IST" duration-ms="844" status="PASS">
          <params>
            <param index="0">
              <value>
                <![CDATA[Testerre]]>
              </value>
            </param>
            <param index="1">
              <value>
                <![CDATA[161298]]>
              </value>
            </param>
            <param index="2">
              <value>
                <![CDATA[InvalidUsername]]>
              </value>
            </param>
            <param index="3">
              <value>
                <![CDATA[Invalid Login details or Your Password might have expired. Click here to reset your password]]>
              </value>
            </param>
          </params>
          <reporter-output>
          </reporter-output>
        </test-method> <!-- checkingLogin -->
        <test-method is-config="true" signature="ClosingBrowser()[pri:0, instance:Tests.TC_006_Login_with_valid_and_invalid_scenarios@25df00a0]" started-at="2025-05-01T10:16:45 IST" name="ClosingBrowser" finished-at="2025-05-01T10:16:45 IST" duration-ms="95" status="PASS">
          <reporter-output>
          </reporter-output>
        </test-method> <!-- ClosingBrowser -->
        <test-method is-config="true" signature="launchingAndLoadingBrowser(java.lang.String,java.lang.String)[pri:0, instance:Tests.TC_006_Login_with_valid_and_invalid_scenarios@25df00a0]" started-at="2025-05-01T10:16:45 IST" name="launchingAndLoadingBrowser" finished-at="2025-05-01T10:16:48 IST" duration-ms="3133" status="PASS">
          <params>
            <param index="0">
              <value>
                <![CDATA[chrome]]>
              </value>
            </param>
            <param index="1">
              <value>
                <![CDATA[https://adactinhotelapp.com/index.php]]>
              </value>
            </param>
          </params>
          <reporter-output>
          </reporter-output>
        </test-method> <!-- launchingAndLoadingBrowser -->
        <test-method signature="checkingLogin(java.lang.String,java.lang.String,java.lang.String,java.lang.String)[pri:0, instance:Tests.TC_006_Login_with_valid_and_invalid_scenarios@25df00a0]" started-at="2025-05-01T10:16:48 IST" name="checkingLogin" data-provider="readData" finished-at="2025-05-01T10:16:49 IST" duration-ms="916" status="PASS">
          <params>
            <param index="0">
              <value>
                <![CDATA[Testerre]]>
              </value>
            </param>
            <param index="1">
              <value>
                <![CDATA[Test324]]>
              </value>
            </param>
            <param index="2">
              <value>
                <![CDATA[BothInvalid]]>
              </value>
            </param>
            <param index="3">
              <value>
                <![CDATA[Invalid Login details or Your Password might have expired. Click here to reset your password]]>
              </value>
            </param>
          </params>
          <reporter-output>
          </reporter-output>
        </test-method> <!-- checkingLogin -->
        <test-method is-config="true" signature="ClosingBrowser()[pri:0, instance:Tests.TC_006_Login_with_valid_and_invalid_scenarios@25df00a0]" started-at="2025-05-01T10:16:49 IST" name="ClosingBrowser" finished-at="2025-05-01T10:16:49 IST" duration-ms="120" status="PASS">
          <reporter-output>
          </reporter-output>
        </test-method> <!-- ClosingBrowser -->
        <test-method is-config="true" signature="launchingAndLoadingBrowser(java.lang.String,java.lang.String)[pri:0, instance:Tests.TC_006_Login_with_valid_and_invalid_scenarios@25df00a0]" started-at="2025-05-01T10:16:49 IST" name="launchingAndLoadingBrowser" finished-at="2025-05-01T10:16:52 IST" duration-ms="3318" status="PASS">
          <params>
            <param index="0">
              <value>
                <![CDATA[chrome]]>
              </value>
            </param>
            <param index="1">
              <value>
                <![CDATA[https://adactinhotelapp.com/index.php]]>
              </value>
            </param>
          </params>
          <reporter-output>
          </reporter-output>
        </test-method> <!-- launchingAndLoadingBrowser -->
        <test-method signature="checkingLogin(java.lang.String,java.lang.String,java.lang.String,java.lang.String)[pri:0, instance:Tests.TC_006_Login_with_valid_and_invalid_scenarios@25df00a0]" started-at="2025-05-01T10:16:52 IST" name="checkingLogin" data-provider="readData" finished-at="2025-05-01T10:16:53 IST" duration-ms="901" status="PASS">
          <params>
            <param index="0">
              <value>
                <![CDATA[Test1234]]>
              </value>
            </param>
            <param index="1">
              <value>
                <![CDATA[Test123]]>
              </value>
            </param>
            <param index="2">
              <value>
                <![CDATA[EmailNotVerify]]>
              </value>
            </param>
            <param index="3">
              <value>
                <![CDATA[Invalid Login details or Your Password might have expired. Click here to reset your password]]>
              </value>
            </param>
          </params>
          <reporter-output>
          </reporter-output>
        </test-method> <!-- checkingLogin -->
        <test-method is-config="true" signature="ClosingBrowser()[pri:0, instance:Tests.TC_006_Login_with_valid_and_invalid_scenarios@25df00a0]" started-at="2025-05-01T10:16:53 IST" name="ClosingBrowser" finished-at="2025-05-01T10:16:53 IST" duration-ms="131" status="PASS">
          <reporter-output>
          </reporter-output>
        </test-method> <!-- ClosingBrowser -->
        <test-method is-config="true" signature="launchingAndLoadingBrowser(java.lang.String,java.lang.String)[pri:0, instance:Tests.TC_006_Login_with_valid_and_invalid_scenarios@25df00a0]" started-at="2025-05-01T10:16:53 IST" name="launchingAndLoadingBrowser" finished-at="2025-05-01T10:16:57 IST" duration-ms="3125" status="PASS">
          <params>
            <param index="0">
              <value>
                <![CDATA[chrome]]>
              </value>
            </param>
            <param index="1">
              <value>
                <![CDATA[https://adactinhotelapp.com/index.php]]>
              </value>
            </param>
          </params>
          <reporter-output>
          </reporter-output>
        </test-method> <!-- launchingAndLoadingBrowser -->
        <test-method signature="checkingLogin(java.lang.String,java.lang.String,java.lang.String,java.lang.String)[pri:0, instance:Tests.TC_006_Login_with_valid_and_invalid_scenarios@25df00a0]" started-at="2025-05-01T10:16:57 IST" name="checkingLogin" data-provider="readData" finished-at="2025-05-01T10:17:00 IST" duration-ms="3494" status="PASS">
          <params>
            <param index="0">
              <value>
                <![CDATA[chakka312]]>
              </value>
            </param>
            <param index="1">
              <value>
                <![CDATA[161298]]>
              </value>
            </param>
            <param index="2">
              <value>
                <![CDATA[Valid]]>
              </value>
            </param>
            <param index="3">
              <value>
                <![CDATA[https://adactinhotelapp.com/SearchHotel.php]]>
              </value>
            </param>
          </params>
          <reporter-output>
          </reporter-output>
        </test-method> <!-- checkingLogin -->
        <test-method is-config="true" signature="ClosingBrowser()[pri:0, instance:Tests.TC_006_Login_with_valid_and_invalid_scenarios@25df00a0]" started-at="2025-05-01T10:17:00 IST" name="ClosingBrowser" finished-at="2025-05-01T10:17:00 IST" duration-ms="154" status="PASS">
          <reporter-output>
          </reporter-output>
        </test-method> <!-- ClosingBrowser -->
      </class> <!-- Tests.TC_006_Login_with_valid_and_invalid_scenarios -->
      <class name="Tests.TC_005_Register_with_valid_and_Invalid_scenarios">
        <test-method is-config="true" signature="setUp()[pri:0, instance:Tests.TC_005_Register_with_valid_and_Invalid_scenarios@c05fddc]" started-at="2025-05-01T10:06:49 IST" name="setUp" finished-at="2025-05-01T10:06:49 IST" duration-ms="0" status="PASS">
          <reporter-output>
          </reporter-output>
        </test-method> <!-- setUp -->
        <test-method is-config="true" signature="testDetails()[pri:0, instance:Tests.TC_005_Register_with_valid_and_Invalid_scenarios@c05fddc]" started-at="2025-05-01T10:07:17 IST" name="testDetails" finished-at="2025-05-01T10:07:17 IST" duration-ms="0" status="PASS">
          <reporter-output>
          </reporter-output>
        </test-method> <!-- testDetails -->
        <test-method is-config="true" signature="launchingAndLoadingBrowser(java.lang.String,java.lang.String)[pri:0, instance:Tests.TC_005_Register_with_valid_and_Invalid_scenarios@c05fddc]" started-at="2025-05-01T10:07:18 IST" name="launchingAndLoadingBrowser" finished-at="2025-05-01T10:07:21 IST" duration-ms="3410" status="PASS">
          <params>
            <param index="0">
              <value>
                <![CDATA[chrome]]>
              </value>
            </param>
            <param index="1">
              <value>
                <![CDATA[https://adactinhotelapp.com/index.php]]>
              </value>
            </param>
          </params>
          <reporter-output>
          </reporter-output>
        </test-method> <!-- launchingAndLoadingBrowser -->
        <test-method signature="checkSignUp(java.lang.String,java.lang.String,java.lang.String,java.lang.String,java.lang.String,java.lang.String,java.lang.String)[pri:1, instance:Tests.TC_005_Register_with_valid_and_Invalid_scenarios@c05fddc]" started-at="2025-05-01T10:07:21 IST" name="checkSignUp" data-provider="readData" finished-at="2025-05-01T10:07:49 IST" duration-ms="27307" status="PASS">
          <params>
            <param index="0">
              <value>
                <![CDATA[]]>
              </value>
            </param>
            <param index="1">
              <value>
                <![CDATA[123456]]>
              </value>
            </param>
            <param index="2">
              <value>
                <![CDATA[123456]]>
              </value>
            </param>
            <param index="3">
              <value>
                <![CDATA[Rocky]]>
              </value>
            </param>
            <param index="4">
              <value>
                <![CDATA[Rocky@gmail.com]]>
              </value>
            </param>
            <param index="5">
              <value>
                <![CDATA[InvalidUsername]]>
              </value>
            </param>
            <param index="6">
              <value>
                <![CDATA[Username is Empty]]>
              </value>
            </param>
          </params>
          <reporter-output>
          </reporter-output>
        </test-method> <!-- checkSignUp -->
        <test-method is-config="true" signature="ClosingBrowser()[pri:0, instance:Tests.TC_005_Register_with_valid_and_Invalid_scenarios@c05fddc]" started-at="2025-05-01T10:07:49 IST" name="ClosingBrowser" finished-at="2025-05-01T10:07:49 IST" duration-ms="132" status="PASS">
          <reporter-output>
          </reporter-output>
        </test-method> <!-- ClosingBrowser -->
        <test-method is-config="true" signature="launchingAndLoadingBrowser(java.lang.String,java.lang.String)[pri:0, instance:Tests.TC_005_Register_with_valid_and_Invalid_scenarios@c05fddc]" started-at="2025-05-01T10:07:49 IST" name="launchingAndLoadingBrowser" finished-at="2025-05-01T10:07:53 IST" duration-ms="3651" status="PASS">
          <params>
            <param index="0">
              <value>
                <![CDATA[chrome]]>
              </value>
            </param>
            <param index="1">
              <value>
                <![CDATA[https://adactinhotelapp.com/index.php]]>
              </value>
            </param>
          </params>
          <reporter-output>
          </reporter-output>
        </test-method> <!-- launchingAndLoadingBrowser -->
        <test-method signature="checkSignUp(java.lang.String,java.lang.String,java.lang.String,java.lang.String,java.lang.String,java.lang.String,java.lang.String)[pri:1, instance:Tests.TC_005_Register_with_valid_and_Invalid_scenarios@c05fddc]" started-at="2025-05-01T10:07:53 IST" name="checkSignUp" data-provider="readData" finished-at="2025-05-01T10:08:23 IST" duration-ms="30471" status="PASS">
          <params>
            <param index="0">
              <value>
                <![CDATA[3445etry@]]>
              </value>
            </param>
            <param index="1">
              <value>
                <![CDATA[123456]]>
              </value>
            </param>
            <param index="2">
              <value>
                <![CDATA[123456]]>
              </value>
            </param>
            <param index="3">
              <value>
                <![CDATA[Rocky]]>
              </value>
            </param>
            <param index="4">
              <value>
                <![CDATA[Rocky@gmail.com]]>
              </value>
            </param>
            <param index="5">
              <value>
                <![CDATA[InvalidUsername]]>
              </value>
            </param>
            <param index="6">
              <value>
                <![CDATA[Only Alpha Numeric characters are allowed]]>
              </value>
            </param>
          </params>
          <reporter-output>
          </reporter-output>
        </test-method> <!-- checkSignUp -->
        <test-method is-config="true" signature="ClosingBrowser()[pri:0, instance:Tests.TC_005_Register_with_valid_and_Invalid_scenarios@c05fddc]" started-at="2025-05-01T10:08:23 IST" name="ClosingBrowser" finished-at="2025-05-01T10:08:23 IST" duration-ms="132" status="PASS">
          <reporter-output>
          </reporter-output>
        </test-method> <!-- ClosingBrowser -->
        <test-method is-config="true" signature="launchingAndLoadingBrowser(java.lang.String,java.lang.String)[pri:0, instance:Tests.TC_005_Register_with_valid_and_Invalid_scenarios@c05fddc]" started-at="2025-05-01T10:08:23 IST" name="launchingAndLoadingBrowser" finished-at="2025-05-01T10:08:27 IST" duration-ms="3835" status="PASS">
          <params>
            <param index="0">
              <value>
                <![CDATA[chrome]]>
              </value>
            </param>
            <param index="1">
              <value>
                <![CDATA[https://adactinhotelapp.com/index.php]]>
              </value>
            </param>
          </params>
          <reporter-output>
          </reporter-output>
        </test-method> <!-- launchingAndLoadingBrowser -->
        <test-method signature="checkSignUp(java.lang.String,java.lang.String,java.lang.String,java.lang.String,java.lang.String,java.lang.String,java.lang.String)[pri:1, instance:Tests.TC_005_Register_with_valid_and_Invalid_scenarios@c05fddc]" started-at="2025-05-01T10:08:27 IST" name="checkSignUp" data-provider="readData" finished-at="2025-05-01T10:08:54 IST" duration-ms="27353" status="PASS">
          <params>
            <param index="0">
              <value>
                <![CDATA[Test1223]]>
              </value>
            </param>
            <param index="1">
              <value>
                <![CDATA[]]>
              </value>
            </param>
            <param index="2">
              <value>
                <![CDATA[123456]]>
              </value>
            </param>
            <param index="3">
              <value>
                <![CDATA[Test1]]>
              </value>
            </param>
            <param index="4">
              <value>
                <![CDATA[test1@gmail.com]]>
              </value>
            </param>
            <param index="5">
              <value>
                <![CDATA[InvalidPassword]]>
              </value>
            </param>
            <param index="6">
              <value>
                <![CDATA[Password is Empty]]>
              </value>
            </param>
          </params>
          <reporter-output>
          </reporter-output>
        </test-method> <!-- checkSignUp -->
        <test-method is-config="true" signature="ClosingBrowser()[pri:0, instance:Tests.TC_005_Register_with_valid_and_Invalid_scenarios@c05fddc]" started-at="2025-05-01T10:08:54 IST" name="ClosingBrowser" finished-at="2025-05-01T10:08:54 IST" duration-ms="129" status="PASS">
          <reporter-output>
          </reporter-output>
        </test-method> <!-- ClosingBrowser -->
        <test-method is-config="true" signature="launchingAndLoadingBrowser(java.lang.String,java.lang.String)[pri:0, instance:Tests.TC_005_Register_with_valid_and_Invalid_scenarios@c05fddc]" started-at="2025-05-01T10:08:54 IST" name="launchingAndLoadingBrowser" finished-at="2025-05-01T10:08:58 IST" duration-ms="3757" status="PASS">
          <params>
            <param index="0">
              <value>
                <![CDATA[chrome]]>
              </value>
            </param>
            <param index="1">
              <value>
                <![CDATA[https://adactinhotelapp.com/index.php]]>
              </value>
            </param>
          </params>
          <reporter-output>
          </reporter-output>
        </test-method> <!-- launchingAndLoadingBrowser -->
        <test-method signature="checkSignUp(java.lang.String,java.lang.String,java.lang.String,java.lang.String,java.lang.String,java.lang.String,java.lang.String)[pri:1, instance:Tests.TC_005_Register_with_valid_and_Invalid_scenarios@c05fddc]" started-at="2025-05-01T10:08:58 IST" name="checkSignUp" data-provider="readData" finished-at="2025-05-01T10:09:26 IST" duration-ms="27410" status="PASS">
          <params>
            <param index="0">
              <value>
                <![CDATA[Test1223]]>
              </value>
            </param>
            <param index="1">
              <value>
                <![CDATA[123456]]>
              </value>
            </param>
            <param index="2">
              <value>
                <![CDATA[]]>
              </value>
            </param>
            <param index="3">
              <value>
                <![CDATA[Test2]]>
              </value>
            </param>
            <param index="4">
              <value>
                <![CDATA[Test2@gmail.com]]>
              </value>
            </param>
            <param index="5">
              <value>
                <![CDATA[InvalidConfirm]]>
              </value>
            </param>
            <param index="6">
              <value>
                <![CDATA[Confirm Password is Empty]]>
              </value>
            </param>
          </params>
          <reporter-output>
          </reporter-output>
        </test-method> <!-- checkSignUp -->
        <test-method is-config="true" signature="ClosingBrowser()[pri:0, instance:Tests.TC_005_Register_with_valid_and_Invalid_scenarios@c05fddc]" started-at="2025-05-01T10:09:26 IST" name="ClosingBrowser" finished-at="2025-05-01T10:09:26 IST" duration-ms="126" status="PASS">
          <reporter-output>
          </reporter-output>
        </test-method> <!-- ClosingBrowser -->
        <test-method is-config="true" signature="launchingAndLoadingBrowser(java.lang.String,java.lang.String)[pri:0, instance:Tests.TC_005_Register_with_valid_and_Invalid_scenarios@c05fddc]" started-at="2025-05-01T10:09:26 IST" name="launchingAndLoadingBrowser" finished-at="2025-05-01T10:09:29 IST" duration-ms="3667" status="PASS">
          <params>
            <param index="0">
              <value>
                <![CDATA[chrome]]>
              </value>
            </param>
            <param index="1">
              <value>
                <![CDATA[https://adactinhotelapp.com/index.php]]>
              </value>
            </param>
          </params>
          <reporter-output>
          </reporter-output>
        </test-method> <!-- launchingAndLoadingBrowser -->
        <test-method signature="checkSignUp(java.lang.String,java.lang.String,java.lang.String,java.lang.String,java.lang.String,java.lang.String,java.lang.String)[pri:1, instance:Tests.TC_005_Register_with_valid_and_Invalid_scenarios@c05fddc]" started-at="2025-05-01T10:09:29 IST" name="checkSignUp" data-provider="readData" finished-at="2025-05-01T10:09:57 IST" duration-ms="27154" status="PASS">
          <params>
            <param index="0">
              <value>
                <![CDATA[Test1223]]>
              </value>
            </param>
            <param index="1">
              <value>
                <![CDATA[123456]]>
              </value>
            </param>
            <param index="2">
              <value>
                <![CDATA[123456]]>
              </value>
            </param>
            <param index="3">
              <value>
                <![CDATA[]]>
              </value>
            </param>
            <param index="4">
              <value>
                <![CDATA[Test3@gmail.com]]>
              </value>
            </param>
            <param index="5">
              <value>
                <![CDATA[InvalidFull]]>
              </value>
            </param>
            <param index="6">
              <value>
                <![CDATA[Full Name is Empty]]>
              </value>
            </param>
          </params>
          <reporter-output>
          </reporter-output>
        </test-method> <!-- checkSignUp -->
        <test-method is-config="true" signature="ClosingBrowser()[pri:0, instance:Tests.TC_005_Register_with_valid_and_Invalid_scenarios@c05fddc]" started-at="2025-05-01T10:09:57 IST" name="ClosingBrowser" finished-at="2025-05-01T10:09:57 IST" duration-ms="124" status="PASS">
          <reporter-output>
          </reporter-output>
        </test-method> <!-- ClosingBrowser -->
        <test-method is-config="true" signature="launchingAndLoadingBrowser(java.lang.String,java.lang.String)[pri:0, instance:Tests.TC_005_Register_with_valid_and_Invalid_scenarios@c05fddc]" started-at="2025-05-01T10:09:57 IST" name="launchingAndLoadingBrowser" finished-at="2025-05-01T10:10:00 IST" duration-ms="3310" status="PASS">
          <params>
            <param index="0">
              <value>
                <![CDATA[chrome]]>
              </value>
            </param>
            <param index="1">
              <value>
                <![CDATA[https://adactinhotelapp.com/index.php]]>
              </value>
            </param>
          </params>
          <reporter-output>
          </reporter-output>
        </test-method> <!-- launchingAndLoadingBrowser -->
        <test-method signature="checkSignUp(java.lang.String,java.lang.String,java.lang.String,java.lang.String,java.lang.String,java.lang.String,java.lang.String)[pri:1, instance:Tests.TC_005_Register_with_valid_and_Invalid_scenarios@c05fddc]" started-at="2025-05-01T10:10:00 IST" name="checkSignUp" data-provider="readData" finished-at="2025-05-01T10:10:27 IST" duration-ms="27462" status="PASS">
          <params>
            <param index="0">
              <value>
                <![CDATA[Test1223]]>
              </value>
            </param>
            <param index="1">
              <value>
                <![CDATA[123456]]>
              </value>
            </param>
            <param index="2">
              <value>
                <![CDATA[123456]]>
              </value>
            </param>
            <param index="3">
              <value>
                <![CDATA[Test2]]>
              </value>
            </param>
            <param index="4">
              <value>
                <![CDATA[]]>
              </value>
            </param>
            <param index="5">
              <value>
                <![CDATA[InvalidEmail]]>
              </value>
            </param>
            <param index="6">
              <value>
                <![CDATA[Email Address is Empty]]>
              </value>
            </param>
          </params>
          <reporter-output>
          </reporter-output>
        </test-method> <!-- checkSignUp -->
        <test-method is-config="true" signature="ClosingBrowser()[pri:0, instance:Tests.TC_005_Register_with_valid_and_Invalid_scenarios@c05fddc]" started-at="2025-05-01T10:10:27 IST" name="ClosingBrowser" finished-at="2025-05-01T10:10:28 IST" duration-ms="132" status="PASS">
          <reporter-output>
          </reporter-output>
        </test-method> <!-- ClosingBrowser -->
        <test-method is-config="true" signature="launchingAndLoadingBrowser(java.lang.String,java.lang.String)[pri:0, instance:Tests.TC_005_Register_with_valid_and_Invalid_scenarios@c05fddc]" started-at="2025-05-01T10:10:28 IST" name="launchingAndLoadingBrowser" finished-at="2025-05-01T10:10:31 IST" duration-ms="3590" status="PASS">
          <params>
            <param index="0">
              <value>
                <![CDATA[chrome]]>
              </value>
            </param>
            <param index="1">
              <value>
                <![CDATA[https://adactinhotelapp.com/index.php]]>
              </value>
            </param>
          </params>
          <reporter-output>
          </reporter-output>
        </test-method> <!-- launchingAndLoadingBrowser -->
        <test-method signature="checkSignUp(java.lang.String,java.lang.String,java.lang.String,java.lang.String,java.lang.String,java.lang.String,java.lang.String)[pri:1, instance:Tests.TC_005_Register_with_valid_and_Invalid_scenarios@c05fddc]" started-at="2025-05-01T10:10:31 IST" name="checkSignUp" data-provider="readData" finished-at="2025-05-01T10:10:58 IST" duration-ms="27027" status="PASS">
          <params>
            <param index="0">
              <value>
                <![CDATA[3445etry]]>
              </value>
            </param>
            <param index="1">
              <value>
                <![CDATA[123]]>
              </value>
            </param>
            <param index="2">
              <value>
                <![CDATA[123456]]>
              </value>
            </param>
            <param index="3">
              <value>
                <![CDATA[Rocky]]>
              </value>
            </param>
            <param index="4">
              <value>
                <![CDATA[Rocky@gmail.com]]>
              </value>
            </param>
            <param index="5">
              <value>
                <![CDATA[InvalidPassword]]>
              </value>
            </param>
            <param index="6">
              <value>
                <![CDATA[Password must contain minimum 6 characters]]>
              </value>
            </param>
          </params>
          <reporter-output>
          </reporter-output>
        </test-method> <!-- checkSignUp -->
        <test-method is-config="true" signature="ClosingBrowser()[pri:0, instance:Tests.TC_005_Register_with_valid_and_Invalid_scenarios@c05fddc]" started-at="2025-05-01T10:10:58 IST" name="ClosingBrowser" finished-at="2025-05-01T10:10:58 IST" duration-ms="126" status="PASS">
          <reporter-output>
          </reporter-output>
        </test-method> <!-- ClosingBrowser -->
        <test-method is-config="true" signature="launchingAndLoadingBrowser(java.lang.String,java.lang.String)[pri:0, instance:Tests.TC_005_Register_with_valid_and_Invalid_scenarios@c05fddc]" started-at="2025-05-01T10:10:58 IST" name="launchingAndLoadingBrowser" finished-at="2025-05-01T10:11:02 IST" duration-ms="3548" status="PASS">
          <params>
            <param index="0">
              <value>
                <![CDATA[chrome]]>
              </value>
            </param>
            <param index="1">
              <value>
                <![CDATA[https://adactinhotelapp.com/index.php]]>
              </value>
            </param>
          </params>
          <reporter-output>
          </reporter-output>
        </test-method> <!-- launchingAndLoadingBrowser -->
        <test-method signature="checkSignUp(java.lang.String,java.lang.String,java.lang.String,java.lang.String,java.lang.String,java.lang.String,java.lang.String)[pri:1, instance:Tests.TC_005_Register_with_valid_and_Invalid_scenarios@c05fddc]" started-at="2025-05-01T10:11:02 IST" name="checkSignUp" data-provider="readData" finished-at="2025-05-01T10:11:29 IST" duration-ms="27449" status="PASS">
          <params>
            <param index="0">
              <value>
                <![CDATA[3445etry]]>
              </value>
            </param>
            <param index="1">
              <value>
                <![CDATA[123456]]>
              </value>
            </param>
            <param index="2">
              <value>
                <![CDATA[345443]]>
              </value>
            </param>
            <param index="3">
              <value>
                <![CDATA[Rocky]]>
              </value>
            </param>
            <param index="4">
              <value>
                <![CDATA[Rocky@gmail.com]]>
              </value>
            </param>
            <param index="5">
              <value>
                <![CDATA[InvalidConfirm]]>
              </value>
            </param>
            <param index="6">
              <value>
                <![CDATA[Passwords Do Not Match]]>
              </value>
            </param>
          </params>
          <reporter-output>
          </reporter-output>
        </test-method> <!-- checkSignUp -->
        <test-method is-config="true" signature="ClosingBrowser()[pri:0, instance:Tests.TC_005_Register_with_valid_and_Invalid_scenarios@c05fddc]" started-at="2025-05-01T10:11:29 IST" name="ClosingBrowser" finished-at="2025-05-01T10:11:29 IST" duration-ms="148" status="PASS">
          <reporter-output>
          </reporter-output>
        </test-method> <!-- ClosingBrowser -->
        <test-method is-config="true" signature="launchingAndLoadingBrowser(java.lang.String,java.lang.String)[pri:0, instance:Tests.TC_005_Register_with_valid_and_Invalid_scenarios@c05fddc]" started-at="2025-05-01T10:11:29 IST" name="launchingAndLoadingBrowser" finished-at="2025-05-01T10:11:33 IST" duration-ms="3806" status="PASS">
          <params>
            <param index="0">
              <value>
                <![CDATA[chrome]]>
              </value>
            </param>
            <param index="1">
              <value>
                <![CDATA[https://adactinhotelapp.com/index.php]]>
              </value>
            </param>
          </params>
          <reporter-output>
          </reporter-output>
        </test-method> <!-- launchingAndLoadingBrowser -->
        <test-method signature="checkSignUp(java.lang.String,java.lang.String,java.lang.String,java.lang.String,java.lang.String,java.lang.String,java.lang.String)[pri:1, instance:Tests.TC_005_Register_with_valid_and_Invalid_scenarios@c05fddc]" started-at="2025-05-01T10:11:33 IST" name="checkSignUp" data-provider="readData" finished-at="2025-05-01T10:12:01 IST" duration-ms="27370" status="PASS">
          <params>
            <param index="0">
              <value>
                <![CDATA[3445etry]]>
              </value>
            </param>
            <param index="1">
              <value>
                <![CDATA[123456]]>
              </value>
            </param>
            <param index="2">
              <value>
                <![CDATA[345443]]>
              </value>
            </param>
            <param index="3">
              <value>
                <![CDATA[Rocky]]>
              </value>
            </param>
            <param index="4">
              <value>
                <![CDATA[test123]]>
              </value>
            </param>
            <param index="5">
              <value>
                <![CDATA[InvalidEmail]]>
              </value>
            </param>
            <param index="6">
              <value>
                <![CDATA[Invalid email, Please enter correct email.]]>
              </value>
            </param>
          </params>
          <reporter-output>
          </reporter-output>
        </test-method> <!-- checkSignUp -->
        <test-method is-config="true" signature="ClosingBrowser()[pri:0, instance:Tests.TC_005_Register_with_valid_and_Invalid_scenarios@c05fddc]" started-at="2025-05-01T10:12:01 IST" name="ClosingBrowser" finished-at="2025-05-01T10:12:01 IST" duration-ms="129" status="PASS">
          <reporter-output>
          </reporter-output>
        </test-method> <!-- ClosingBrowser -->
        <test-method is-config="true" signature="launchingAndLoadingBrowser(java.lang.String,java.lang.String)[pri:0, instance:Tests.TC_005_Register_with_valid_and_Invalid_scenarios@c05fddc]" started-at="2025-05-01T10:12:01 IST" name="launchingAndLoadingBrowser" finished-at="2025-05-01T10:12:05 IST" duration-ms="3997" status="PASS">
          <params>
            <param index="0">
              <value>
                <![CDATA[chrome]]>
              </value>
            </param>
            <param index="1">
              <value>
                <![CDATA[https://adactinhotelapp.com/index.php]]>
              </value>
            </param>
          </params>
          <reporter-output>
          </reporter-output>
        </test-method> <!-- launchingAndLoadingBrowser -->
        <test-method signature="checkSignUp(java.lang.String,java.lang.String,java.lang.String,java.lang.String,java.lang.String,java.lang.String,java.lang.String)[pri:1, instance:Tests.TC_005_Register_with_valid_and_Invalid_scenarios@c05fddc]" started-at="2025-05-01T10:12:05 IST" name="checkSignUp" data-provider="readData" finished-at="2025-05-01T10:12:33 IST" duration-ms="28142" status="PASS">
          <params>
            <param index="0">
              <value>
                <![CDATA[eter324]]>
              </value>
            </param>
            <param index="1">
              <value>
                <![CDATA[123456]]>
              </value>
            </param>
            <param index="2">
              <value>
                <![CDATA[123456]]>
              </value>
            </param>
            <param index="3">
              <value>
                <![CDATA[chakka]]>
              </value>
            </param>
            <param index="4">
              <value>
                <![CDATA[chakkaravarthi348@gmail.com]]>
              </value>
            </param>
            <param index="5">
              <value>
                <![CDATA[InvalidUsername]]>
              </value>
            </param>
            <param index="6">
              <value>
                <![CDATA[Username must contain minimum 8 characters]]>
              </value>
            </param>
          </params>
          <reporter-output>
          </reporter-output>
        </test-method> <!-- checkSignUp -->
        <test-method is-config="true" signature="ClosingBrowser()[pri:0, instance:Tests.TC_005_Register_with_valid_and_Invalid_scenarios@c05fddc]" started-at="2025-05-01T10:12:33 IST" name="ClosingBrowser" finished-at="2025-05-01T10:12:33 IST" duration-ms="145" status="PASS">
          <reporter-output>
          </reporter-output>
        </test-method> <!-- ClosingBrowser -->
        <test-method is-config="true" signature="launchingAndLoadingBrowser(java.lang.String,java.lang.String)[pri:0, instance:Tests.TC_005_Register_with_valid_and_Invalid_scenarios@c05fddc]" started-at="2025-05-01T10:12:33 IST" name="launchingAndLoadingBrowser" finished-at="2025-05-01T10:12:37 IST" duration-ms="3809" status="PASS">
          <params>
            <param index="0">
              <value>
                <![CDATA[chrome]]>
              </value>
            </param>
            <param index="1">
              <value>
                <![CDATA[https://adactinhotelapp.com/index.php]]>
              </value>
            </param>
          </params>
          <reporter-output>
          </reporter-output>
        </test-method> <!-- launchingAndLoadingBrowser -->
        <test-method signature="checkSignUp(java.lang.String,java.lang.String,java.lang.String,java.lang.String,java.lang.String,java.lang.String,java.lang.String)[pri:1, instance:Tests.TC_005_Register_with_valid_and_Invalid_scenarios@c05fddc]" started-at="2025-05-01T10:12:37 IST" name="checkSignUp" data-provider="readData" finished-at="2025-05-01T10:13:10 IST" duration-ms="32897" status="PASS">
          <params>
            <param index="0">
              <value>
                <![CDATA[eter3242]]>
              </value>
            </param>
            <param index="1">
              <value>
                <![CDATA[123456]]>
              </value>
            </param>
            <param index="2">
              <value>
                <![CDATA[123456]]>
              </value>
            </param>
            <param index="3">
              <value>
                <![CDATA[chakka]]>
              </value>
            </param>
            <param index="4">
              <value>
                <![CDATA[chakkaravarthi348@gmail.com]]>
              </value>
            </param>
            <param index="5">
              <value>
                <![CDATA[InvalidEmail]]>
              </value>
            </param>
            <param index="6">
              <value>
                <![CDATA[Email address is already in use]]>
              </value>
            </param>
          </params>
          <reporter-output>
          </reporter-output>
        </test-method> <!-- checkSignUp -->
        <test-method is-config="true" signature="ClosingBrowser()[pri:0, instance:Tests.TC_005_Register_with_valid_and_Invalid_scenarios@c05fddc]" started-at="2025-05-01T10:13:10 IST" name="ClosingBrowser" finished-at="2025-05-01T10:13:10 IST" duration-ms="103" status="PASS">
          <reporter-output>
          </reporter-output>
        </test-method> <!-- ClosingBrowser -->
        <test-method is-config="true" signature="launchingAndLoadingBrowser(java.lang.String,java.lang.String)[pri:0, instance:Tests.TC_005_Register_with_valid_and_Invalid_scenarios@c05fddc]" started-at="2025-05-01T10:13:10 IST" name="launchingAndLoadingBrowser" finished-at="2025-05-01T10:13:14 IST" duration-ms="3613" status="PASS">
          <params>
            <param index="0">
              <value>
                <![CDATA[chrome]]>
              </value>
            </param>
            <param index="1">
              <value>
                <![CDATA[https://adactinhotelapp.com/index.php]]>
              </value>
            </param>
          </params>
          <reporter-output>
          </reporter-output>
        </test-method> <!-- launchingAndLoadingBrowser -->
        <test-method signature="checkSignUp(java.lang.String,java.lang.String,java.lang.String,java.lang.String,java.lang.String,java.lang.String,java.lang.String)[pri:1, instance:Tests.TC_005_Register_with_valid_and_Invalid_scenarios@c05fddc]" started-at="2025-05-01T10:13:14 IST" name="checkSignUp" data-provider="readData" finished-at="2025-05-01T10:13:41 IST" duration-ms="27460" status="PASS">
          <params>
            <param index="0">
              <value>
                <![CDATA[3445etry]]>
              </value>
            </param>
            <param index="1">
              <value>
                <![CDATA[123456]]>
              </value>
            </param>
            <param index="2">
              <value>
                <![CDATA[345443]]>
              </value>
            </param>
            <param index="3">
              <value>
                <![CDATA[Rocky]]>
              </value>
            </param>
            <param index="4">
              <value>
                <![CDATA[Rocky@gmail.com]]>
              </value>
            </param>
            <param index="5">
              <value>
                <![CDATA[InvalidCaptcha]]>
              </value>
            </param>
            <param index="6">
              <value>
                <![CDATA[Captcha is Invalid]]>
              </value>
            </param>
          </params>
          <reporter-output>
          </reporter-output>
        </test-method> <!-- checkSignUp -->
        <test-method is-config="true" signature="ClosingBrowser()[pri:0, instance:Tests.TC_005_Register_with_valid_and_Invalid_scenarios@c05fddc]" started-at="2025-05-01T10:13:41 IST" name="ClosingBrowser" finished-at="2025-05-01T10:13:41 IST" duration-ms="138" status="PASS">
          <reporter-output>
          </reporter-output>
        </test-method> <!-- ClosingBrowser -->
        <test-method is-config="true" signature="launchingAndLoadingBrowser(java.lang.String,java.lang.String)[pri:0, instance:Tests.TC_005_Register_with_valid_and_Invalid_scenarios@c05fddc]" started-at="2025-05-01T10:13:41 IST" name="launchingAndLoadingBrowser" finished-at="2025-05-01T10:13:45 IST" duration-ms="3663" status="PASS">
          <params>
            <param index="0">
              <value>
                <![CDATA[chrome]]>
              </value>
            </param>
            <param index="1">
              <value>
                <![CDATA[https://adactinhotelapp.com/index.php]]>
              </value>
            </param>
          </params>
          <reporter-output>
          </reporter-output>
        </test-method> <!-- launchingAndLoadingBrowser -->
        <test-method signature="checkSignUp(java.lang.String,java.lang.String,java.lang.String,java.lang.String,java.lang.String,java.lang.String,java.lang.String)[pri:1, instance:Tests.TC_005_Register_with_valid_and_Invalid_scenarios@c05fddc]" started-at="2025-05-01T10:13:45 IST" name="checkSignUp" data-provider="readData" finished-at="2025-05-01T10:14:12 IST" duration-ms="27457" status="PASS">
          <params>
            <param index="0">
              <value>
                <![CDATA[3445etry]]>
              </value>
            </param>
            <param index="1">
              <value>
                <![CDATA[123456]]>
              </value>
            </param>
            <param index="2">
              <value>
                <![CDATA[345443]]>
              </value>
            </param>
            <param index="3">
              <value>
                <![CDATA[Rocky]]>
              </value>
            </param>
            <param index="4">
              <value>
                <![CDATA[Rocky@gmail.com]]>
              </value>
            </param>
            <param index="5">
              <value>
                <![CDATA[ValidCaptcha]]>
              </value>
            </param>
            <param index="6">
              <value>
                <![CDATA[Captcha Verified Succesfully]]>
              </value>
            </param>
          </params>
          <reporter-output>
          </reporter-output>
        </test-method> <!-- checkSignUp -->
        <test-method is-config="true" signature="ClosingBrowser()[pri:0, instance:Tests.TC_005_Register_with_valid_and_Invalid_scenarios@c05fddc]" started-at="2025-05-01T10:14:12 IST" name="ClosingBrowser" finished-at="2025-05-01T10:14:12 IST" duration-ms="129" status="PASS">
          <reporter-output>
          </reporter-output>
        </test-method> <!-- ClosingBrowser -->
        <test-method is-config="true" signature="launchingAndLoadingBrowser(java.lang.String,java.lang.String)[pri:0, instance:Tests.TC_005_Register_with_valid_and_Invalid_scenarios@c05fddc]" started-at="2025-05-01T10:14:12 IST" name="launchingAndLoadingBrowser" finished-at="2025-05-01T10:14:16 IST" duration-ms="3671" status="PASS">
          <params>
            <param index="0">
              <value>
                <![CDATA[chrome]]>
              </value>
            </param>
            <param index="1">
              <value>
                <![CDATA[https://adactinhotelapp.com/index.php]]>
              </value>
            </param>
          </params>
          <reporter-output>
          </reporter-output>
        </test-method> <!-- launchingAndLoadingBrowser -->
        <test-method signature="checkSignUp(java.lang.String,java.lang.String,java.lang.String,java.lang.String,java.lang.String,java.lang.String,java.lang.String)[pri:1, instance:Tests.TC_005_Register_with_valid_and_Invalid_scenarios@c05fddc]" started-at="2025-05-01T10:14:16 IST" name="checkSignUp" data-provider="readData" finished-at="2025-05-01T10:15:15 IST" duration-ms="59334" status="FAIL">
          <params>
            <param index="0">
              <value>
                <![CDATA[chakki2345]]>
              </value>
            </param>
            <param index="1">
              <value>
                <![CDATA[123456]]>
              </value>
            </param>
            <param index="2">
              <value>
                <![CDATA[123456]]>
              </value>
            </param>
            <param index="3">
              <value>
                <![CDATA[Ram]]>
              </value>
            </param>
            <param index="4">
              <value>
                <![CDATA[ram1278923@gmail.com]]>
              </value>
            </param>
            <param index="5">
              <value>
                <![CDATA[Valid]]>
              </value>
            </param>
            <param index="6">
              <value>
                <![CDATA[An email verification code has been sent to your email address. Please check your email and verify your email address.]]>
              </value>
            </param>
          </params>
          <exception class="org.openqa.selenium.NoSuchElementException">
            <message>
              <![CDATA[no such element: Unable to locate element: {"method":"xpath","selector":"//td[contains(text(),'email verification code')]"}
  (Session info: chrome=135.0.7049.115)
For documentation on this error, please visit: https://www.selenium.dev/documentation/webdriver/troubleshooting/errors#no-such-element-exception
Build info: version: '4.29.0', revision: '5fc1ec94cb'
System info: os.name: 'Windows 10', os.arch: 'amd64', os.version: '10.0', java.version: '21.0.4'
Driver info: org.openqa.selenium.chrome.ChromeDriver
Command: [0c84f7658c9f710eea5fe8e5e2d39fee, findElement {using=xpath, value=//td[contains(text(),'email verification code')]}]
Capabilities {acceptInsecureCerts: false, browserName: chrome, browserVersion: 135.0.7049.115, chrome: {chromedriverVersion: 135.0.7049.114 (63fd8a7d9d0..., userDataDir: C:\Users\cmurugan\AppData\L...}, fedcm:accounts: true, goog:chromeOptions: {debuggerAddress: localhost:60551}, networkConnectionEnabled: false, pageLoadStrategy: normal, platformName: windows, proxy: Proxy(), se:cdp: ws://localhost:60551/devtoo..., se:cdpVersion: 135.0.7049.115, setWindowRect: true, strictFileInteractability: false, timeouts: {implicit: 0, pageLoad: 300000, script: 30000}, unhandledPromptBehavior: dismiss and notify, webauthn:extension:credBlob: true, webauthn:extension:largeBlob: true, webauthn:extension:minPinLength: true, webauthn:extension:prf: true, webauthn:virtualAuthenticators: true}
Session ID: 0c84f7658c9f710eea5fe8e5e2d39fee]]>
            </message>
            <full-stacktrace>
              <![CDATA[org.openqa.selenium.NoSuchElementException: no such element: Unable to locate element: {"method":"xpath","selector":"//td[contains(text(),'email verification code')]"}
  (Session info: chrome=135.0.7049.115)
For documentation on this error, please visit: https://www.selenium.dev/documentation/webdriver/troubleshooting/errors#no-such-element-exception
Build info: version: '4.29.0', revision: '5fc1ec94cb'
System info: os.name: 'Windows 10', os.arch: 'amd64', os.version: '10.0', java.version: '21.0.4'
Driver info: org.openqa.selenium.chrome.ChromeDriver
Command: [0c84f7658c9f710eea5fe8e5e2d39fee, findElement {using=xpath, value=//td[contains(text(),'email verification code')]}]
Capabilities {acceptInsecureCerts: false, browserName: chrome, browserVersion: 135.0.7049.115, chrome: {chromedriverVersion: 135.0.7049.114 (63fd8a7d9d0..., userDataDir: C:\Users\cmurugan\AppData\L...}, fedcm:accounts: true, goog:chromeOptions: {debuggerAddress: localhost:60551}, networkConnectionEnabled: false, pageLoadStrategy: normal, platformName: windows, proxy: Proxy(), se:cdp: ws://localhost:60551/devtoo..., se:cdpVersion: 135.0.7049.115, setWindowRect: true, strictFileInteractability: false, timeouts: {implicit: 0, pageLoad: 300000, script: 30000}, unhandledPromptBehavior: dismiss and notify, webauthn:extension:credBlob: true, webauthn:extension:largeBlob: true, webauthn:extension:minPinLength: true, webauthn:extension:prf: true, webauthn:virtualAuthenticators: true}
Session ID: 0c84f7658c9f710eea5fe8e5e2d39fee
at java.base/jdk.internal.reflect.DirectConstructorHandleAccessor.newInstance(DirectConstructorHandleAccessor.java:62)
at java.base/java.lang.reflect.Constructor.newInstanceWithCaller(Constructor.java:502)
at java.base/java.lang.reflect.Constructor.newInstance(Constructor.java:486)
at org.openqa.selenium.remote.ErrorCodec.decode(ErrorCodec.java:167)
at org.openqa.selenium.remote.codec.w3c.W3CHttpResponseCodec.decode(W3CHttpResponseCodec.java:138)
at org.openqa.selenium.remote.codec.w3c.W3CHttpResponseCodec.decode(W3CHttpResponseCodec.java:50)
at org.openqa.selenium.remote.HttpCommandExecutor.execute(HttpCommandExecutor.java:215)
at org.openqa.selenium.remote.service.DriverCommandExecutor.invokeExecute(DriverCommandExecutor.java:216)
at org.openqa.selenium.remote.service.DriverCommandExecutor.execute(DriverCommandExecutor.java:174)
at org.openqa.selenium.remote.RemoteWebDriver.execute(RemoteWebDriver.java:545)
at org.openqa.selenium.remote.ElementLocation$ElementFinder$2.findElement(ElementLocation.java:165)
at org.openqa.selenium.remote.ElementLocation.findElement(ElementLocation.java:59)
at org.openqa.selenium.remote.RemoteWebDriver.findElement(RemoteWebDriver.java:368)
at org.openqa.selenium.remote.RemoteWebDriver.findElement(RemoteWebDriver.java:362)
at org.openqa.selenium.support.pagefactory.DefaultElementLocator.findElement(DefaultElementLocator.java:68)
at org.openqa.selenium.support.pagefactory.internal.LocatingElementHandler.invoke(LocatingElementHandler.java:38)
at jdk.proxy2/jdk.proxy2.$Proxy20.getText(Unknown Source)
at Pages.SignUpPage.checkValidation(SignUpPage.java:182)
at Tests.TC_005_Register_with_valid_and_Invalid_scenarios.checkSignUp(TC_005_Register_with_valid_and_Invalid_scenarios.java:23)
at java.base/jdk.internal.reflect.DirectMethodHandleAccessor.invoke(DirectMethodHandleAccessor.java:103)
at java.base/java.lang.reflect.Method.invoke(Method.java:580)
at org.testng.internal.invokers.MethodInvocationHelper.invokeMethod(MethodInvocationHelper.java:141)
at org.testng.internal.invokers.TestInvoker.invokeMethod(TestInvoker.java:687)
at org.testng.internal.invokers.TestInvoker.invokeTestMethod(TestInvoker.java:230)
at org.testng.internal.invokers.MethodRunner.runInSequence(MethodRunner.java:63)
at org.testng.internal.invokers.TestInvoker$MethodInvocationAgent.invoke(TestInvoker.java:995)
at org.testng.internal.invokers.TestInvoker.invokeTestMethods(TestInvoker.java:203)
at org.testng.internal.invokers.TestMethodWorker.invokeTestMethods(TestMethodWorker.java:154)
at org.testng.internal.invokers.TestMethodWorker.run(TestMethodWorker.java:134)
at java.base/java.util.ArrayList.forEach(ArrayList.java:1596)
at org.testng.TestRunner.privateRun(TestRunner.java:741)
at org.testng.TestRunner.run(TestRunner.java:616)
at org.testng.SuiteRunner.runTest(SuiteRunner.java:421)
at org.testng.SuiteRunner.runSequentially(SuiteRunner.java:413)
at org.testng.SuiteRunner.privateRun(SuiteRunner.java:373)
at org.testng.SuiteRunner.run(SuiteRunner.java:312)
at org.testng.SuiteRunnerWorker.runSuite(SuiteRunnerWorker.java:52)
at org.testng.SuiteRunnerWorker.run(SuiteRunnerWorker.java:95)
at org.testng.TestNG.runSuitesSequentially(TestNG.java:1274)
at org.testng.TestNG.runSuitesLocally(TestNG.java:1208)
at org.testng.TestNG.runSuites(TestNG.java:1112)
at org.testng.TestNG.run(TestNG.java:1079)
at org.testng.remote.AbstractRemoteTestNG.run(AbstractRemoteTestNG.java:115)
at org.testng.remote.RemoteTestNG.initAndRun(RemoteTestNG.java:293)
at org.testng.remote.RemoteTestNG.main(RemoteTestNG.java:91)
]]>
            </full-stacktrace>
          </exception> <!-- org.openqa.selenium.NoSuchElementException -->
          <reporter-output>
          </reporter-output>
        </test-method> <!-- checkSignUp -->
        <test-method is-config="true" signature="ClosingBrowser()[pri:0, instance:Tests.TC_005_Register_with_valid_and_Invalid_scenarios@c05fddc]" started-at="2025-05-01T10:15:16 IST" name="ClosingBrowser" finished-at="2025-05-01T10:15:16 IST" duration-ms="102" status="PASS">
          <reporter-output>
          </reporter-output>
        </test-method> <!-- ClosingBrowser -->
        <test-method is-config="true" signature="launchingAndLoadingBrowser(java.lang.String,java.lang.String)[pri:0, instance:Tests.TC_005_Register_with_valid_and_Invalid_scenarios@c05fddc]" started-at="2025-05-01T10:15:16 IST" name="launchingAndLoadingBrowser" finished-at="2025-05-01T10:15:19 IST" duration-ms="3721" status="PASS">
          <params>
            <param index="0">
              <value>
                <![CDATA[chrome]]>
              </value>
            </param>
            <param index="1">
              <value>
                <![CDATA[https://adactinhotelapp.com/index.php]]>
              </value>
            </param>
          </params>
          <reporter-output>
          </reporter-output>
        </test-method> <!-- launchingAndLoadingBrowser -->
        <test-method signature="checkCaptachaEmptyError()[pri:2, instance:Tests.TC_005_Register_with_valid_and_Invalid_scenarios@c05fddc]" started-at="2025-05-01T10:15:19 IST" name="checkCaptachaEmptyError" finished-at="2025-05-01T10:15:27 IST" duration-ms="7143" status="PASS">
          <reporter-output>
          </reporter-output>
        </test-method> <!-- checkCaptachaEmptyError -->
        <test-method is-config="true" signature="ClosingBrowser()[pri:0, instance:Tests.TC_005_Register_with_valid_and_Invalid_scenarios@c05fddc]" started-at="2025-05-01T10:15:27 IST" name="ClosingBrowser" finished-at="2025-05-01T10:15:27 IST" duration-ms="106" status="PASS">
          <reporter-output>
          </reporter-output>
        </test-method> <!-- ClosingBrowser -->
        <test-method is-config="true" signature="launchingAndLoadingBrowser(java.lang.String,java.lang.String)[pri:0, instance:Tests.TC_005_Register_with_valid_and_Invalid_scenarios@c05fddc]" started-at="2025-05-01T10:15:27 IST" name="launchingAndLoadingBrowser" finished-at="2025-05-01T10:15:30 IST" duration-ms="3686" status="PASS">
          <params>
            <param index="0">
              <value>
                <![CDATA[chrome]]>
              </value>
            </param>
            <param index="1">
              <value>
                <![CDATA[https://adactinhotelapp.com/index.php]]>
              </value>
            </param>
          </params>
          <reporter-output>
          </reporter-output>
        </test-method> <!-- launchingAndLoadingBrowser -->
        <test-method signature="checkCheckBoxNotCheckError()[pri:3, instance:Tests.TC_005_Register_with_valid_and_Invalid_scenarios@c05fddc]" started-at="2025-05-01T10:15:30 IST" name="checkCheckBoxNotCheckError" finished-at="2025-05-01T10:15:57 IST" duration-ms="27144" status="PASS">
          <reporter-output>
          </reporter-output>
        </test-method> <!-- checkCheckBoxNotCheckError -->
        <test-method is-config="true" signature="ClosingBrowser()[pri:0, instance:Tests.TC_005_Register_with_valid_and_Invalid_scenarios@c05fddc]" started-at="2025-05-01T10:15:57 IST" name="ClosingBrowser" finished-at="2025-05-01T10:15:58 IST" duration-ms="101" status="PASS">
          <reporter-output>
          </reporter-output>
        </test-method> <!-- ClosingBrowser -->
        <test-method is-config="true" signature="launchingAndLoadingBrowser(java.lang.String,java.lang.String)[pri:0, instance:Tests.TC_005_Register_with_valid_and_Invalid_scenarios@c05fddc]" started-at="2025-05-01T10:15:58 IST" name="launchingAndLoadingBrowser" finished-at="2025-05-01T10:16:01 IST" duration-ms="3808" status="PASS">
          <params>
            <param index="0">
              <value>
                <![CDATA[chrome]]>
              </value>
            </param>
            <param index="1">
              <value>
                <![CDATA[https://adactinhotelapp.com/index.php]]>
              </value>
            </param>
          </params>
          <reporter-output>
          </reporter-output>
        </test-method> <!-- launchingAndLoadingBrowser -->
        <test-method signature="checkReset()[pri:4, instance:Tests.TC_005_Register_with_valid_and_Invalid_scenarios@c05fddc]" started-at="2025-05-01T10:16:01 IST" name="checkReset" finished-at="2025-05-01T10:16:29 IST" duration-ms="27468" status="PASS">
          <reporter-output>
          </reporter-output>
        </test-method> <!-- checkReset -->
        <test-method is-config="true" signature="ClosingBrowser()[pri:0, instance:Tests.TC_005_Register_with_valid_and_Invalid_scenarios@c05fddc]" started-at="2025-05-01T10:16:29 IST" name="ClosingBrowser" finished-at="2025-05-01T10:16:29 IST" duration-ms="142" status="PASS">
          <reporter-output>
          </reporter-output>
        </test-method> <!-- ClosingBrowser -->
      </class> <!-- Tests.TC_005_Register_with_valid_and_Invalid_scenarios -->
      <class name="Tests.TC_004_Checking_Options_are_clickable_on_register_page">
        <test-method is-config="true" signature="setUp()[pri:0, instance:Tests.TC_004_Checking_Options_are_clickable_on_register_page@7e990ed7]" started-at="2025-05-01T10:06:49 IST" name="setUp" finished-at="2025-05-01T10:06:49 IST" duration-ms="0" status="PASS">
          <reporter-output>
          </reporter-output>
        </test-method> <!-- setUp -->
        <test-method is-config="true" signature="testDetails()[pri:0, instance:Tests.TC_004_Checking_Options_are_clickable_on_register_page@7e990ed7]" started-at="2025-05-01T10:07:13 IST" name="testDetails" finished-at="2025-05-01T10:07:13 IST" duration-ms="0" status="PASS">
          <reporter-output>
          </reporter-output>
        </test-method> <!-- testDetails -->
        <test-method is-config="true" signature="launchingAndLoadingBrowser(java.lang.String,java.lang.String)[pri:0, instance:Tests.TC_004_Checking_Options_are_clickable_on_register_page@7e990ed7]" started-at="2025-05-01T10:07:13 IST" name="launchingAndLoadingBrowser" finished-at="2025-05-01T10:07:16 IST" duration-ms="3351" status="PASS">
          <params>
            <param index="0">
              <value>
                <![CDATA[chrome]]>
              </value>
            </param>
            <param index="1">
              <value>
                <![CDATA[https://adactinhotelapp.com/index.php]]>
              </value>
            </param>
          </params>
          <reporter-output>
          </reporter-output>
        </test-method> <!-- launchingAndLoadingBrowser -->
        <test-method signature="checkingRegisterPageFieldsAreClickable()[pri:0, instance:Tests.TC_004_Checking_Options_are_clickable_on_register_page@7e990ed7]" started-at="2025-05-01T10:07:16 IST" name="checkingRegisterPageFieldsAreClickable" finished-at="2025-05-01T10:07:17 IST" duration-ms="961" status="PASS">
          <reporter-output>
          </reporter-output>
        </test-method> <!-- checkingRegisterPageFieldsAreClickable -->
        <test-method is-config="true" signature="ClosingBrowser()[pri:0, instance:Tests.TC_004_Checking_Options_are_clickable_on_register_page@7e990ed7]" started-at="2025-05-01T10:07:17 IST" name="ClosingBrowser" finished-at="2025-05-01T10:07:17 IST" duration-ms="127" status="PASS">
          <reporter-output>
          </reporter-output>
        </test-method> <!-- ClosingBrowser -->
      </class> <!-- Tests.TC_004_Checking_Options_are_clickable_on_register_page -->
      <class name="Tests.TC_007_Checking_Fields_on_Search_Hotel_page">
        <test-method is-config="true" signature="setUp()[pri:0, instance:Tests.TC_007_Checking_Fields_on_Search_Hotel_page@4d15107f]" started-at="2025-05-01T10:06:49 IST" name="setUp" finished-at="2025-05-01T10:06:49 IST" duration-ms="0" status="PASS">
          <reporter-output>
          </reporter-output>
        </test-method> <!-- setUp -->
        <test-method is-config="true" signature="testDetails()[pri:0, instance:Tests.TC_007_Checking_Fields_on_Search_Hotel_page@4d15107f]" started-at="2025-05-01T10:17:00 IST" name="testDetails" finished-at="2025-05-01T10:17:00 IST" duration-ms="0" status="PASS">
          <reporter-output>
          </reporter-output>
        </test-method> <!-- testDetails -->
        <test-method is-config="true" signature="launchingAndLoadingBrowser(java.lang.String,java.lang.String)[pri:0, instance:Tests.TC_007_Checking_Fields_on_Search_Hotel_page@4d15107f]" started-at="2025-05-01T10:17:00 IST" name="launchingAndLoadingBrowser" finished-at="2025-05-01T10:17:04 IST" duration-ms="3507" status="PASS">
          <params>
            <param index="0">
              <value>
                <![CDATA[chrome]]>
              </value>
            </param>
            <param index="1">
              <value>
                <![CDATA[https://adactinhotelapp.com/index.php]]>
              </value>
            </param>
          </params>
          <reporter-output>
          </reporter-output>
        </test-method> <!-- launchingAndLoadingBrowser -->
[...]
          <params>
            <param index="0">
              <value>
                <![CDATA[chrome]]>
              </value>
            </param>
            <param index="1">
              <value>
                <![CDATA[https://adactinhotelapp.com/index.php]]>
              </value>
            </param>
          </params>
          <reporter-output>
          </reporter-output>
        </test-method> <!-- launchingAndLoadingBrowser -->
        <test-method signature="BookingAHotel(java.lang.String,java.lang.String,java.lang.String,java.lang.String,java.lang.String,java.lang.String,java.lang.String,java.lang.String,java.lang.String,java.lang.String,java.lang.String,java.lang.String,java.lang.String,java.lang.String,java.lang.String,java.lang.String,java.lang.String,java.lang.String,java.lang.String,java.lang.String)[pri:0, instance:Tests.TC_011_Book_A_Hotel@79207381]" started-at="2025-05-01T10:37:07 IST" name="BookingAHotel" data-provider="readData" finished-at="2025-05-01T10:37:17 IST" duration-ms="10251" status="PASS">
          <params>
            <param index="0">
              <value>
                <![CDATA[chakka312]]>
              </value>
            </param>
            <param index="1">
              <value>
                <![CDATA[161298]]>
              </value>
            </param>
            <param index="2">
              <value>
                <![CDATA[Sydney]]>
              </value>
            </param>
            <param index="3">
              <value>
                <![CDATA[Hotel Creek]]>
              </value>
            </param>
            <param index="4">
              <value>
                <![CDATA[Standard]]>
              </value>
            </param>
            <param index="5">
              <value>
                <![CDATA[1]]>
              </value>
            </param>
            <param index="6">
              <value>
                <![CDATA[27/04/2025]]>
              </value>
            </param>
            <param index="7">
              <value>
                <![CDATA[28/04/2025]]>
              </value>
            </param>
            <param index="8">
              <value>
                <![CDATA[2]]>
              </value>
            </param>
            <param index="9">
              <value>
                <![CDATA[0]]>
              </value>
            </param>
            <param index="10">
              <value>
                <![CDATA[Chakka]]>
              </value>
            </param>
            <param index="11">
              <value>
                <![CDATA[Murugan]]>
              </value>
            </param>
            <param index="12">
              <value>
                <![CDATA[Madurai]]>
              </value>
            </param>
            <param index="13">
              <value>
                <![CDATA[1234567890123456]]>
              </value>
            </param>
            <param index="14">
              <value>
                <![CDATA[AMEX]]>
              </value>
            </param>
            <param index="15">
              <value>
                <![CDATA[1]]>
              </value>
            </param>
            <param index="16">
              <value>
                <![CDATA[2027]]>
              </value>
            </param>
            <param index="17">
              <value>
                <![CDATA[034]]>
              </value>
            </param>
            <param index="18">
              <value>
                <![CDATA[Valid]]>
              </value>
            </param>
            <param index="19">
              <value>
                <![CDATA[]]>
              </value>
            </param>
          </params>
          <reporter-output>
          </reporter-output>
        </test-method> <!-- BookingAHotel -->
        <test-method is-config="true" signature="ClosingBrowser()[pri:0, instance:Tests.TC_011_Book_A_Hotel@79207381]" started-at="2025-05-01T10:37:17 IST" name="ClosingBrowser" finished-at="2025-05-01T10:37:17 IST" duration-ms="221" status="PASS">
          <reporter-output>
          </reporter-output>
        </test-method> <!-- ClosingBrowser -->
        <test-method is-config="true" signature="launchingAndLoadingBrowser(java.lang.String,java.lang.String)[pri:0, instance:Tests.TC_011_Book_A_Hotel@79207381]" started-at="2025-05-01T10:37:17 IST" name="launchingAndLoadingBrowser" finished-at="2025-05-01T10:37:21 IST" duration-ms="3473" status="PASS">
          <params>
            <param index="0">
              <value>
                <![CDATA[chrome]]>
              </value>
            </param>
            <param index="1">
              <value>
                <![CDATA[https://adactinhotelapp.com/index.php]]>
              </value>
            </param>
          </params>
          <reporter-output>
          </reporter-output>
        </test-method> <!-- launchingAndLoadingBrowser -->
        <test-method signature="BookingAHotel(java.lang.String,java.lang.String,java.lang.String,java.lang.String,java.lang.String,java.lang.String,java.lang.String,java.lang.String,java.lang.String,java.lang.String,java.lang.String,java.lang.String,java.lang.String,java.lang.String,java.lang.String,java.lang.String,java.lang.String,java.lang.String,java.lang.String,java.lang.String)[pri:0, instance:Tests.TC_011_Book_A_Hotel@79207381]" started-at="2025-05-01T10:37:21 IST" name="BookingAHotel" data-provider="readData" finished-at="2025-05-01T10:37:31 IST" duration-ms="10081" status="PASS">
          <params>
            <param index="0">
              <value>
                <![CDATA[chakka312]]>
              </value>
            </param>
            <param index="1">
              <value>
                <![CDATA[161298]]>
              </value>
            </param>
            <param index="2">
              <value>
                <![CDATA[Sydney]]>
              </value>
            </param>
            <param index="3">
              <value>
                <![CDATA[Hotel Creek]]>
              </value>
            </param>
            <param index="4">
              <value>
                <![CDATA[Standard]]>
              </value>
            </param>
            <param index="5">
              <value>
                <![CDATA[1]]>
              </value>
            </param>
            <param index="6">
              <value>
                <![CDATA[27/04/2025]]>
              </value>
            </param>
            <param index="7">
              <value>
                <![CDATA[28/04/2025]]>
              </value>
            </param>
            <param index="8">
              <value>
                <![CDATA[2]]>
              </value>
            </param>
            <param index="9">
              <value>
                <![CDATA[0]]>
              </value>
            </param>
            <param index="10">
              <value>
                <![CDATA[Chakka]]>
              </value>
            </param>
            <param index="11">
              <value>
                <![CDATA[Murugan]]>
              </value>
            </param>
            <param index="12">
              <value>
                <![CDATA[Madurai]]>
              </value>
            </param>
            <param index="13">
              <value>
                <![CDATA[1234567890123456]]>
              </value>
            </param>
            <param index="14">
              <value>
                <![CDATA[AMEX]]>
              </value>
            </param>
            <param index="15">
              <value>
                <![CDATA[1]]>
              </value>
            </param>
            <param index="16">
              <value>
                <![CDATA[2027]]>
              </value>
            </param>
            <param index="17">
              <value>
                <![CDATA[034]]>
              </value>
            </param>
            <param index="18">
              <value>
                <![CDATA[Valid]]>
              </value>
            </param>
            <param index="19">
              <value>
                <![CDATA[]]>
              </value>
            </param>
          </params>
          <reporter-output>
          </reporter-output>
        </test-method> <!-- BookingAHotel -->
        <test-method is-config="true" signature="ClosingBrowser()[pri:0, instance:Tests.TC_011_Book_A_Hotel@79207381]" started-at="2025-05-01T10:37:31 IST" name="ClosingBrowser" finished-at="2025-05-01T10:37:31 IST" duration-ms="157" status="PASS">
          <reporter-output>
          </reporter-output>
        </test-method> <!-- ClosingBrowser -->
        <test-method is-config="true" signature="launchingAndLoadingBrowser(java.lang.String,java.lang.String)[pri:0, instance:Tests.TC_011_Book_A_Hotel@79207381]" started-at="2025-05-01T10:37:31 IST" name="launchingAndLoadingBrowser" finished-at="2025-05-01T10:37:35 IST" duration-ms="3383" status="PASS">
          <params>
            <param index="0">
              <value>
                <![CDATA[chrome]]>
              </value>
            </param>
            <param index="1">
              <value>
                <![CDATA[https://adactinhotelapp.com/index.php]]>
              </value>
            </param>
          </params>
          <reporter-output>
          </reporter-output>
        </test-method> <!-- launchingAndLoadingBrowser -->
        <test-method signature="BookingAHotel(java.lang.String,java.lang.String,java.lang.String,java.lang.String,java.lang.String,java.lang.String,java.lang.String,java.lang.String,java.lang.String,java.lang.String,java.lang.String,java.lang.String,java.lang.String,java.lang.String,java.lang.String,java.lang.String,java.lang.String,java.lang.String,java.lang.String,java.lang.String)[pri:0, instance:Tests.TC_011_Book_A_Hotel@79207381]" started-at="2025-05-01T10:37:35 IST" name="BookingAHotel" data-provider="readData" finished-at="2025-05-01T10:37:44 IST" duration-ms="9928" status="PASS">
          <params>
            <param index="0">
              <value>
                <![CDATA[chakka312]]>
              </value>
            </param>
            <param index="1">
              <value>
                <![CDATA[161298]]>
              </value>
            </param>
            <param index="2">
              <value>
                <![CDATA[Sydney]]>
              </value>
            </param>
            <param index="3">
              <value>
                <![CDATA[Hotel Creek]]>
              </value>
            </param>
            <param index="4">
              <value>
                <![CDATA[Standard]]>
              </value>
            </param>
            <param index="5">
              <value>
                <![CDATA[1]]>
              </value>
            </param>
            <param index="6">
              <value>
                <![CDATA[27/04/2025]]>
              </value>
            </param>
            <param index="7">
              <value>
                <![CDATA[28/04/2025]]>
              </value>
            </param>
            <param index="8">
              <value>
                <![CDATA[2]]>
              </value>
            </param>
            <param index="9">
              <value>
                <![CDATA[0]]>
              </value>
            </param>
            <param index="10">
              <value>
                <![CDATA[Chakka]]>
              </value>
            </param>
            <param index="11">
              <value>
                <![CDATA[Murugan]]>
              </value>
            </param>
            <param index="12">
              <value>
                <![CDATA[Madurai]]>
              </value>
            </param>
            <param index="13">
              <value>
                <![CDATA[1234567890123456]]>
              </value>
            </param>
            <param index="14">
              <value>
                <![CDATA[AMEX]]>
              </value>
            </param>
            <param index="15">
              <value>
                <![CDATA[1]]>
              </value>
            </param>
            <param index="16">
              <value>
                <![CDATA[2027]]>
              </value>
            </param>
            <param index="17">
              <value>
                <![CDATA[034]]>
              </value>
            </param>
            <param index="18">
              <value>
                <![CDATA[Valid]]>
              </value>
            </param>
            <param index="19">
              <value>
                <![CDATA[]]>
              </value>
            </param>
          </params>
          <reporter-output>
          </reporter-output>
        </test-method> <!-- BookingAHotel -->
        <test-method is-config="true" signature="ClosingBrowser()[pri:0, instance:Tests.TC_011_Book_A_Hotel@79207381]" started-at="2025-05-01T10:37:44 IST" name="ClosingBrowser" finished-at="2025-05-01T10:37:45 IST" duration-ms="119" status="PASS">
          <reporter-output>
          </reporter-output>
        </test-method> <!-- ClosingBrowser -->
      </class> <!-- Tests.TC_011_Book_A_Hotel -->
      <class name="Tests.TC_002_Checking_Options_Are_Clickable_On_Login_page">
        <test-method is-config="true" signature="setUp()[pri:0, instance:Tests.TC_002_Checking_Options_Are_Clickable_On_Login_page@69c81773]" started-at="2025-05-01T10:06:49 IST" name="setUp" finished-at="2025-05-01T10:06:49 IST" duration-ms="0" status="PASS">
          <reporter-output>
          </reporter-output>
        </test-method> <!-- setUp -->
        <test-method is-config="true" signature="testDetails()[pri:0, instance:Tests.TC_002_Checking_Options_Are_Clickable_On_Login_page@69c81773]" started-at="2025-05-01T10:07:03 IST" name="testDetails" finished-at="2025-05-01T10:07:03 IST" duration-ms="1" status="PASS">
          <reporter-output>
          </reporter-output>
        </test-method> <!-- testDetails -->
        <test-method is-config="true" signature="launchingAndLoadingBrowser(java.lang.String,java.lang.String)[pri:0, instance:Tests.TC_002_Checking_Options_Are_Clickable_On_Login_page@69c81773]" started-at="2025-05-01T10:07:03 IST" name="launchingAndLoadingBrowser" finished-at="2025-05-01T10:07:07 IST" duration-ms="3277" status="PASS">
          <params>
            <param index="0">
              <value>
                <![CDATA[chrome]]>
              </value>
            </param>
            <param index="1">
              <value>
                <![CDATA[https://adactinhotelapp.com/index.php]]>
              </value>
            </param>
          </params>
          <reporter-output>
          </reporter-output>
        </test-method> <!-- launchingAndLoadingBrowser -->
        <test-method signature="checkingLoginPageFieldsAreClickable()[pri:0, instance:Tests.TC_002_Checking_Options_Are_Clickable_On_Login_page@69c81773]" started-at="2025-05-01T10:07:07 IST" name="checkingLoginPageFieldsAreClickable" finished-at="2025-05-01T10:07:07 IST" duration-ms="99" status="PASS">
          <reporter-output>
          </reporter-output>
        </test-method> <!-- checkingLoginPageFieldsAreClickable -->
        <test-method is-config="true" signature="ClosingBrowser()[pri:0, instance:Tests.TC_002_Checking_Options_Are_Clickable_On_Login_page@69c81773]" started-at="2025-05-01T10:07:07 IST" name="ClosingBrowser" finished-at="2025-05-01T10:07:07 IST" duration-ms="115" status="PASS">
          <reporter-output>
          </reporter-output>
        </test-method> <!-- ClosingBrowser -->
      </class> <!-- Tests.TC_002_Checking_Options_Are_Clickable_On_Login_page -->
      <class name="Tests.TC_010_Select_a_Hotel_Negative_Scenario">
        <test-method is-config="true" signature="setUp()[pri:0, instance:Tests.TC_010_Select_a_Hotel_Negative_Scenario@60f00693]" started-at="2025-05-01T10:06:49 IST" name="setUp" finished-at="2025-05-01T10:06:49 IST" duration-ms="1" status="PASS">
          <reporter-output>
          </reporter-output>
        </test-method> <!-- setUp -->
        <test-method is-config="true" signature="testDetails()[pri:0, instance:Tests.TC_010_Select_a_Hotel_Negative_Scenario@60f00693]" started-at="2025-05-01T10:35:24 IST" name="testDetails" finished-at="2025-05-01T10:35:24 IST" duration-ms="0" status="PASS">
          <reporter-output>
          </reporter-output>
        </test-method> <!-- testDetails -->
        <test-method is-config="true" signature="launchingAndLoadingBrowser(java.lang.String,java.lang.String)[pri:0, instance:Tests.TC_010_Select_a_Hotel_Negative_Scenario@60f00693]" started-at="2025-05-01T10:35:24 IST" name="launchingAndLoadingBrowser" finished-at="2025-05-01T10:35:27 IST" duration-ms="3463" status="PASS">
          <params>
            <param index="0">
              <value>
                <![CDATA[chrome]]>
              </value>
            </param>
            <param index="1">
              <value>
                <![CDATA[https://adactinhotelapp.com/index.php]]>
              </value>
            </param>
          </params>
          <reporter-output>
          </reporter-output>
        </test-method> <!-- launchingAndLoadingBrowser -->
        <test-method signature="selectAHotelToBook(java.lang.String,java.lang.String,java.lang.String,java.lang.String,java.lang.String,java.lang.String,java.lang.String,java.lang.String,java.lang.String,java.lang.String,java.lang.String,java.lang.String)[pri:0, instance:Tests.TC_010_Select_a_Hotel_Negative_Scenario@60f00693]" started-at="2025-05-01T10:35:27 IST" name="selectAHotelToBook" data-provider="readData" finished-at="2025-05-01T10:35:35 IST" duration-ms="8175" status="PASS">
          <params>
            <param index="0">
              <value>
                <![CDATA[chakka312]]>
              </value>
            </param>
            <param index="1">
              <value>
                <![CDATA[161298]]>
              </value>
            </param>
            <param index="2">
              <value>
                <![CDATA[Sydney]]>
              </value>
            </param>
            <param index="3">
              <value>
                <![CDATA[Hotel Creek]]>
              </value>
            </param>
            <param index="4">
              <value>
                <![CDATA[Standard]]>
              </value>
            </param>
            <param index="5">
              <value>
                <![CDATA[1]]>
              </value>
            </param>
            <param index="6">
              <value>
                <![CDATA[27/04/2025]]>
              </value>
            </param>
            <param index="7">
              <value>
                <![CDATA[28/04/2025]]>
              </value>
            </param>
            <param index="8">
              <value>
                <![CDATA[2]]>
              </value>
            </param>
            <param index="9">
              <value>
                <![CDATA[0]]>
              </value>
            </param>
            <param index="10">
              <value>
                <![CDATA[Invalid]]>
              </value>
            </param>
            <param index="11">
              <value>
                <![CDATA[Please Select a Hotel]]>
              </value>
            </param>
          </params>
          <reporter-output>
          </reporter-output>
        </test-method> <!-- selectAHotelToBook -->
        <test-method is-config="true" signature="ClosingBrowser()[pri:0, instance:Tests.TC_010_Select_a_Hotel_Negative_Scenario@60f00693]" started-at="2025-05-01T10:35:35 IST" name="ClosingBrowser" finished-at="2025-05-01T10:35:36 IST" duration-ms="133" status="PASS">
          <reporter-output>
          </reporter-output>
        </test-method> <!-- ClosingBrowser -->
      </class> <!-- Tests.TC_010_Select_a_Hotel_Negative_Scenario -->
    </test> <!-- ChromeTest -->
  </suite> <!-- Suite -->
</testng-results>
