<?xml version="1.0" encoding="UTF-8"?>
<testng-results ignored="0" total="2" passed="2" failed="0" skipped="0">
  <reporter-output>
  </reporter-output>
  <suite started-at="2025-05-01T08:02:40 IST" name="Suite" finished-at="2025-05-01T08:03:04 IST" duration-ms="24232">
    <groups>
    </groups>
    <test started-at="2025-05-01T08:02:40 IST" name="ChromeTest" finished-at="2025-05-01T08:02:50 IST" duration-ms="10617">
      <class name="Tests.TC_014_Logout_from_page">
        <test-method is-config="true" signature="setUp()[pri:0, instance:Tests.TC_014_Logout_from_page@17bffc17]" started-at="2025-05-01T08:02:40 IST" name="setUp" finished-at="2025-05-01T08:02:40 IST" duration-ms="0" status="PASS">
          <reporter-output>
          </reporter-output>
        </test-method> <!-- setUp -->
        <test-method is-config="true" signature="testDetails()[pri:0, instance:Tests.TC_014_Logout_from_page@17bffc17]" started-at="2025-05-01T08:02:40 IST" name="testDetails" finished-at="2025-05-01T08:02:40 IST" duration-ms="7" status="PASS">
          <reporter-output>
          </reporter-output>
        </test-method> <!-- testDetails -->
        <test-method is-config="true" signature="launchingAndLoadingBrowser(java.lang.String,java.lang.String)[pri:0, instance:Tests.TC_014_Logout_from_page@17bffc17]" started-at="2025-05-01T08:02:41 IST" name="launchingAndLoadingBrowser" finished-at="2025-05-01T08:02:45 IST" duration-ms="4004" status="PASS">
          <params>
            <param index="0">
              <value>
                <![CDATA[chrome]]>
              </value>
            </param>
            <param index="1">
              <value>
                <![CDATA[https://adactinhotelapp.com/index.php]]>
              </value>
            </param>
          </params>
          <reporter-output>
          </reporter-output>
        </test-method> <!-- launchingAndLoadingBrowser -->
        <test-method signature="Logout(java.lang.String,java.lang.String)[pri:0, instance:Tests.TC_014_Logout_from_page@17bffc17]" started-at="2025-05-01T08:02:45 IST" name="Logout" data-provider="readData" finished-at="2025-05-01T08:02:50 IST" duration-ms="5335" status="PASS">
          <params>
            <param index="0">
              <value>
                <![CDATA[chakka312]]>
              </value>
            </param>
            <param index="1">
              <value>
                <![CDATA[161298]]>
              </value>
            </param>
          </params>
          <reporter-output>
          </reporter-output>
        </test-method> <!-- Logout -->
        <test-method is-config="true" signature="ClosingBrowser()[pri:0, instance:Tests.TC_014_Logout_from_page@17bffc17]" started-at="2025-05-01T08:02:50 IST" name="ClosingBrowser" finished-at="2025-05-01T08:02:50 IST" duration-ms="371" status="PASS">
          <reporter-output>
          </reporter-output>
        </test-method> <!-- ClosingBrowser -->
      </class> <!-- Tests.TC_014_Logout_from_page -->
    </test> <!-- ChromeTest -->
    <test started-at="2025-05-01T08:02:50 IST" name="EdgeTest" finished-at="2025-05-01T08:03:04 IST" duration-ms="13563">
      <class name="Tests.TC_014_Logout_from_page">
        <test-method is-config="true" signature="reportInitialization()[pri:0, instance:Tests.TC_014_Logout_from_page@5340477f]" started-at="2025-05-01T08:02:40 IST" name="reportInitialization" finished-at="2025-05-01T08:02:40 IST" duration-ms="260" status="PASS">
          <reporter-output>
          </reporter-output>
        </test-method> <!-- reportInitialization -->
        <test-method is-config="true" signature="setUp()[pri:0, instance:Tests.TC_014_Logout_from_page@5340477f]" started-at="2025-05-01T08:02:50 IST" name="setUp" finished-at="2025-05-01T08:02:50 IST" duration-ms="0" status="PASS">
          <reporter-output>
          </reporter-output>
        </test-method> <!-- setUp -->
        <test-method is-config="true" signature="testDetails()[pri:0, instance:Tests.TC_014_Logout_from_page@5340477f]" started-at="2025-05-01T08:02:50 IST" name="testDetails" finished-at="2025-05-01T08:02:50 IST" duration-ms="1" status="PASS">
          <reporter-output>
          </reporter-output>
        </test-method> <!-- testDetails -->
        <test-method is-config="true" signature="launchingAndLoadingBrowser(java.lang.String,java.lang.String)[pri:0, instance:Tests.TC_014_Logout_from_page@5340477f]" started-at="2025-05-01T08:02:51 IST" name="launchingAndLoadingBrowser" finished-at="2025-05-01T08:02:58 IST" duration-ms="7814" status="PASS">
          <params>
            <param index="0">
              <value>
                <![CDATA[edge]]>
              </value>
            </param>
            <param index="1">
              <value>
                <![CDATA[https://adactinhotelapp.com/index.php]]>
              </value>
            </param>
          </params>
          <reporter-output>
          </reporter-output>
        </test-method> <!-- launchingAndLoadingBrowser -->
        <test-method signature="Logout(java.lang.String,java.lang.String)[pri:0, instance:Tests.TC_014_Logout_from_page@5340477f]" started-at="2025-05-01T08:02:58 IST" name="Logout" data-provider="readData" finished-at="2025-05-01T08:03:04 IST" duration-ms="5306" status="PASS">
          <params>
            <param index="0">
              <value>
                <![CDATA[chakka312]]>
              </value>
            </param>
            <param index="1">
              <value>
                <![CDATA[161298]]>
              </value>
            </param>
          </params>
          <reporter-output>
          </reporter-output>
        </test-method> <!-- Logout -->
        <test-method is-config="true" signature="ClosingBrowser()[pri:0, instance:Tests.TC_014_Logout_from_page@5340477f]" started-at="2025-05-01T08:03:04 IST" name="ClosingBrowser" finished-at="2025-05-01T08:03:04 IST" duration-ms="296" status="PASS">
          <reporter-output>
          </reporter-output>
        </test-method> <!-- ClosingBrowser -->
        <test-method is-config="true" signature="closeReport()[pri:0, instance:Tests.TC_014_Logout_from_page@5340477f]" started-at="2025-05-01T08:03:04 IST" name="closeReport" finished-at="2025-05-01T08:03:04 IST" duration-ms="291" status="PASS">
          <reporter-output>
          </reporter-output>
        </test-method> <!-- closeReport -->
      </class> <!-- Tests.TC_014_Logout_from_page -->
    </test> <!-- EdgeTest -->
  </suite> <!-- Suite -->
</testng-results>
