<?xml version="1.0" encoding="UTF-8"?>
<!-- Generated by org.testng.reporters.JUnitReportReporter -->
<testsuite hostname="HCLLMDU0258" failures="0" tests="4" name="Tests.TC_009_Select_a_Hotel" time="51.242" errors="0" timestamp="2025-04-28T12:20:27 IST" skipped="0">
  <testcase classname="Tests.TC_009_Select_a_Hotel" name="selectAHotelToBook" time="11.174"/>
  <testcase classname="Tests.TC_009_Select_a_Hotel" name="selectAHotelToBook" time="11.484"/>
  <testcase classname="Tests.TC_009_Select_a_Hotel" name="selectAHotelToBook" time="16.791"/>
  <testcase classname="Tests.TC_009_Select_a_Hotel" name="selectAHotelToBook" time="11.793"/>
</testsuite> <!-- Tests.TC_009_Select_a_Hotel -->
