<?xml version="1.0" encoding="UTF-8"?>
<!-- Generated by org.testng.reporters.JUnitReportReporter -->
<testsuite hostname="HCLLMDU0258" failures="0" tests="7" name="Tests.TC_006_Login_with_valid_and_invalid_scenarios" time="31.060" errors="0" timestamp="2025-05-01T10:41:21 IST" skipped="0">
  <testcase classname="Tests.TC_006_Login_with_valid_and_invalid_scenarios" name="checkingLogin" time="6.781"/>
  <testcase classname="Tests.TC_006_Login_with_valid_and_invalid_scenarios" name="checkingLogin" time="4.407"/>
  <testcase classname="Tests.TC_006_Login_with_valid_and_invalid_scenarios" name="checkingLogin" time="4.172"/>
  <testcase classname="Tests.TC_006_Login_with_valid_and_invalid_scenarios" name="checkingLogin" time="4.339"/>
  <testcase classname="Tests.TC_006_Login_with_valid_and_invalid_scenarios" name="checkingLogin" time="3.650"/>
  <testcase classname="Tests.TC_006_Login_with_valid_and_invalid_scenarios" name="checkingLogin" time="3.790"/>
  <testcase classname="Tests.TC_006_Login_with_valid_and_invalid_scenarios" name="checkingLogin" time="3.921"/>
</testsuite> <!-- Tests.TC_006_Login_with_valid_and_invalid_scenarios -->
