<?xml version="1.0" encoding="UTF-8"?>
<!-- Generated by org.testng.reporters.JUnitReportReporter -->
<testsuite hostname="HCLLMDU0258" failures="0" tests="1" name="Tests.TC_003_Checking_fields_on_Register_page_are_displayed" time="6.943" errors="0" timestamp="2025-04-23T20:13:44 IST" skipped="0">
  <testcase classname="Tests.TC_003_Checking_fields_on_Register_page_are_displayed" name="checkingRegisterPageFieldsAreDisplayed" time="6.943"/>
</testsuite> <!-- Tests.TC_003_Checking_fields_on_Register_page_are_displayed -->
