<?xml version="1.0" encoding="UTF-8"?>
<!-- Generated by org.testng.reporters.JUnitReportReporter -->
<testsuite hostname="HCLLMDU0258" failures="0" tests="3" name="Tests.TC_013_Cancel_Book_iternary" time="144.937" errors="0" timestamp="2025-05-01T10:41:21 IST" skipped="0">
  <testcase classname="Tests.TC_013_Cancel_Book_iternary" name="checkCancelBookItineraryByCancelButton" time="43.045"/>
  <testcase classname="Tests.TC_013_Cancel_Book_iternary" name="checkCancelBookItineraryBySingleCheck" time="51.920"/>
  <testcase classname="Tests.TC_013_Cancel_Book_iternary" name="checkCancelBookItineraryByAllCheck" time="49.972"/>
</testsuite> <!-- Tests.TC_013_Cancel_Book_iternary -->
