<?xml version="1.0" encoding="UTF-8"?>
<!-- Generated by org.testng.reporters.JUnitReportReporter -->
<testsuite hostname="HCLLMDU0258" failures="0" tests="7" name="Tests.TC_006_Login_with_valid_and_invalid_scenarios" time="29.299" errors="0" timestamp="2025-04-24T13:54:48 IST" skipped="0">
  <testcase classname="Tests.TC_006_Login_with_valid_and_invalid_scenarios" name="checkingLogin" time="3.411"/>
  <testcase classname="Tests.TC_006_Login_with_valid_and_invalid_scenarios" name="checkingLogin" time="4.743"/>
  <testcase classname="Tests.TC_006_Login_with_valid_and_invalid_scenarios" name="checkingLogin" time="6.404"/>
  <testcase classname="Tests.TC_006_Login_with_valid_and_invalid_scenarios" name="checkingLogin" time="3.260"/>
  <testcase classname="Tests.TC_006_Login_with_valid_and_invalid_scenarios" name="checkingLogin" time="3.796"/>
  <testcase classname="Tests.TC_006_Login_with_valid_and_invalid_scenarios" name="checkingLogin" time="3.895"/>
  <testcase classname="Tests.TC_006_Login_with_valid_and_invalid_scenarios" name="checkingLogin" time="3.790"/>
</testsuite> <!-- Tests.TC_006_Login_with_valid_and_invalid_scenarios -->
