<?xml version="1.0" encoding="UTF-8"?>
<!-- Generated by org.testng.reporters.JUnitReportReporter -->
<testsuite hostname="HCLLMDU0258" failures="0" tests="1" name="Tests.TC_002_Checking_Options_Are_Clickable_On_Login_page" time="3.491" errors="0" timestamp="2025-05-01T10:41:21 IST" skipped="0">
  <testcase classname="Tests.TC_002_Checking_Options_Are_Clickable_On_Login_page" name="checkingLoginPageFieldsAreClickable" time="3.491"/>
</testsuite> <!-- Tests.TC_002_Checking_Options_Are_Clickable_On_Login_page -->
